<?xml version="1.0" encoding="UTF-8"?>
<testsuite name="tourGuide.TestPerformance" tests="2" skipped="0" failures="0" errors="0" timestamp="2022-10-03T07:59:05" hostname="LAPTOP-BLPUO737" time="6.335">
  <properties/>
  <testcase name="highVolumeTrackLocation" classname="tourGuide.TestPerformance" time="2.37"/>
  <testcase name="highVolumeGetRewards" classname="tourGuide.TestPerformance" time="3.964"/>
  <system-out><![CDATA[09:59:01.397 [Test worker] DEBUG org.springframework.test.context.junit4.SpringJUnit4ClassRunner - SpringJUnit4ClassRunner constructor called with [class tourGuide.TestPerformance]
09:59:01.409 [Test worker] DEBUG org.springframework.test.context.BootstrapUtils - Instantiating CacheAwareContextLoaderDelegate from class [org.springframework.test.context.cache.DefaultCacheAwareContextLoaderDelegate]
09:59:01.427 [Test worker] DEBUG org.springframework.test.context.BootstrapUtils - Instantiating BootstrapContext using constructor [public org.springframework.test.context.support.DefaultBootstrapContext(java.lang.Class,org.springframework.test.context.CacheAwareContextLoaderDelegate)]
09:59:01.461 [Test worker] DEBUG org.springframework.test.context.BootstrapUtils - Instantiating TestContextBootstrapper for test class [tourGuide.TestPerformance] from class [org.springframework.boot.test.context.SpringBootTestContextBootstrapper]
09:59:01.481 [Test worker] INFO org.springframework.boot.test.context.SpringBootTestContextBootstrapper - Neither @ContextConfiguration nor @ContextHierarchy found for test class [tourGuide.TestPerformance], using SpringBootContextLoader
09:59:01.486 [Test worker] DEBUG org.springframework.test.context.support.AbstractContextLoader - Did not detect default resource location for test class [tourGuide.TestPerformance]: class path resource [tourGuide/TestPerformance-context.xml] does not exist
09:59:01.487 [Test worker] DEBUG org.springframework.test.context.support.AbstractContextLoader - Did not detect default resource location for test class [tourGuide.TestPerformance]: class path resource [tourGuide/TestPerformanceContext.groovy] does not exist
09:59:01.488 [Test worker] INFO org.springframework.test.context.support.AbstractContextLoader - Could not detect default resource locations for test class [tourGuide.TestPerformance]: no resource found for suffixes {-context.xml, Context.groovy}.
09:59:01.489 [Test worker] INFO org.springframework.test.context.support.AnnotationConfigContextLoaderUtils - Could not detect default configuration classes for test class [tourGuide.TestPerformance]: TestPerformance does not declare any static, non-private, non-final, nested classes annotated with @Configuration.
09:59:01.542 [Test worker] DEBUG org.springframework.test.context.support.ActiveProfilesUtils - Could not find an 'annotation declaring class' for annotation type [org.springframework.test.context.ActiveProfiles] and class [tourGuide.TestPerformance]
09:59:01.646 [Test worker] DEBUG org.springframework.context.annotation.ClassPathScanningCandidateComponentProvider - Identified candidate component class: file [C:\Users\Franck\3D Objects\side\OC-JAVA-P8\TourGuide\build\classes\java\main\tourGuide\Application.class]
09:59:01.655 [Test worker] INFO org.springframework.boot.test.context.SpringBootTestContextBootstrapper - Found @SpringBootConfiguration tourGuide.Application for test class tourGuide.TestPerformance
09:59:01.807 [Test worker] DEBUG org.springframework.boot.test.context.SpringBootTestContextBootstrapper - @TestExecutionListeners is not present for class [tourGuide.TestPerformance]: using defaults.
09:59:01.808 [Test worker] INFO org.springframework.boot.test.context.SpringBootTestContextBootstrapper - Loaded default TestExecutionListener class names from location [META-INF/spring.factories]: [org.springframework.boot.test.autoconfigure.restdocs.RestDocsTestExecutionListener, org.springframework.boot.test.autoconfigure.web.client.MockRestServiceServerResetTestExecutionListener, org.springframework.boot.test.autoconfigure.web.servlet.MockMvcPrintOnlyOnFailureTestExecutionListener, org.springframework.boot.test.autoconfigure.web.servlet.WebDriverTestExecutionListener, org.springframework.boot.test.mock.mockito.MockitoTestExecutionListener, org.springframework.boot.test.mock.mockito.ResetMocksTestExecutionListener, org.springframework.test.context.web.ServletTestExecutionListener, org.springframework.test.context.support.DirtiesContextBeforeModesTestExecutionListener, org.springframework.test.context.support.DependencyInjectionTestExecutionListener, org.springframework.test.context.support.DirtiesContextTestExecutionListener, org.springframework.test.context.transaction.TransactionalTestExecutionListener, org.springframework.test.context.jdbc.SqlScriptsTestExecutionListener]
09:59:01.830 [Test worker] DEBUG org.springframework.boot.test.context.SpringBootTestContextBootstrapper - Skipping candidate TestExecutionListener [org.springframework.test.context.transaction.TransactionalTestExecutionListener] due to a missing dependency. Specify custom listener classes or make the default listener classes and their required dependencies available. Offending class: [org.springframework.transaction.interceptor.TransactionAttributeSource]
09:59:01.830 [Test worker] DEBUG org.springframework.boot.test.context.SpringBootTestContextBootstrapper - Skipping candidate TestExecutionListener [org.springframework.test.context.jdbc.SqlScriptsTestExecutionListener] due to a missing dependency. Specify custom listener classes or make the default listener classes and their required dependencies available. Offending class: [org.springframework.transaction.interceptor.TransactionAttribute]
09:59:01.831 [Test worker] INFO org.springframework.boot.test.context.SpringBootTestContextBootstrapper - Using TestExecutionListeners: [org.springframework.test.context.web.ServletTestExecutionListener@1006ca85, org.springframework.test.context.support.DirtiesContextBeforeModesTestExecutionListener@82fe9a7a, org.springframework.boot.test.mock.mockito.MockitoTestExecutionListener@7ddaec79, org.springframework.boot.test.autoconfigure.SpringBootDependencyInjectionTestExecutionListener@5d069e51, org.springframework.test.context.support.DirtiesContextTestExecutionListener@61e1571c, org.springframework.boot.test.autoconfigure.restdocs.RestDocsTestExecutionListener@c509ddd0, org.springframework.boot.test.autoconfigure.web.client.MockRestServiceServerResetTestExecutionListener@7a4c4033, org.springframework.boot.test.autoconfigure.web.servlet.MockMvcPrintOnlyOnFailureTestExecutionListener@88d23c74, org.springframework.boot.test.autoconfigure.web.servlet.WebDriverTestExecutionListener@d68a9e4f, org.springframework.boot.test.mock.mockito.ResetMocksTestExecutionListener@f44e6603]
09:59:01.834 [Test worker] DEBUG org.springframework.test.annotation.ProfileValueUtils - Retrieved @ProfileValueSourceConfiguration [null] for test class [tourGuide.TestPerformance]
09:59:01.834 [Test worker] DEBUG org.springframework.test.annotation.ProfileValueUtils - Retrieved ProfileValueSource type [class org.springframework.test.annotation.SystemProfileValueSource] for class [tourGuide.TestPerformance]
09:59:01.835 [Test worker] DEBUG org.springframework.test.annotation.ProfileValueUtils - Retrieved @ProfileValueSourceConfiguration [null] for test class [tourGuide.TestPerformance]
09:59:01.835 [Test worker] DEBUG org.springframework.test.annotation.ProfileValueUtils - Retrieved ProfileValueSource type [class org.springframework.test.annotation.SystemProfileValueSource] for class [tourGuide.TestPerformance]
09:59:01.841 [Test worker] DEBUG org.springframework.test.context.support.AbstractDirtiesContextTestExecutionListener - Before test class: context [DefaultTestContext@c840c96e testClass = TestPerformance, testInstance = [null], testMethod = [null], testException = [null], mergedContextConfiguration = [WebMergedContextConfiguration@e3b86949 testClass = TestPerformance, locations = '{}', classes = '{class tourGuide.Application}', contextInitializerClasses = '[]', activeProfiles = '{}', propertySourceLocations = '{}', propertySourceProperties = '{org.springframework.boot.test.context.SpringBootTestContextBootstrapper=true}', contextCustomizers = set[org.springframework.boot.test.autoconfigure.properties.PropertyMappingContextCustomizer@0, org.springframework.boot.test.autoconfigure.web.servlet.WebDriverContextCustomizerFactory$Customizer@2d05e85a, org.springframework.boot.test.context.filter.ExcludeFilterContextCustomizer@b8193759, org.springframework.boot.test.json.DuplicateJsonObjectContextCustomizerFactory$DuplicateJsonObjectContextCustomizer@c70529d, org.springframework.boot.test.mock.mockito.MockitoContextCustomizer@0, org.springframework.boot.test.web.client.TestRestTemplateContextCustomizer@6e5fbb72], resourceBasePath = 'src/main/webapp', contextLoader = 'org.springframework.boot.test.context.SpringBootContextLoader', parent = [null]], attributes = map['org.springframework.test.context.web.ServletTestExecutionListener.activateListener' -> true]], class annotated with @DirtiesContext [false] with mode [null].
09:59:01.842 [Test worker] DEBUG org.springframework.test.annotation.ProfileValueUtils - Retrieved @ProfileValueSourceConfiguration [null] for test class [tourGuide.TestPerformance]
09:59:01.842 [Test worker] DEBUG org.springframework.test.annotation.ProfileValueUtils - Retrieved ProfileValueSource type [class org.springframework.test.annotation.SystemProfileValueSource] for class [tourGuide.TestPerformance]
09:59:01.875 [Test worker] DEBUG org.springframework.test.context.support.TestPropertySourceUtils - Adding inlined properties to environment: {spring.jmx.enabled=false, org.springframework.boot.test.context.SpringBootTestContextBootstrapper=true, server.port=-1}

  .   ____          _            __ _ _
 /\\ / ___'_ __ _ _(_)_ __  __ _ \ \ \ \
( ( )\___ | '_ | '_| | '_ \/ _` | \ \ \ \
 \\/  ___)| |_)| | | | | || (_| |  ) ) ) )
  '  |____| .__|_| |_|_| |_\__, | / / / /
 =========|_|==============|___/=/_/_/_/
 :: Spring Boot ::        (v2.1.6.RELEASE)

2022-10-03 09:59:02.268  INFO 38196 --- [    Test worker] tourGuide.TestPerformance                : Starting TestPerformance on LAPTOP-BLPUO737 with PID 38196 (started by Franck in C:\Users\Franck\3D Objects\side\OC-JAVA-P8\TourGuide)
2022-10-03 09:59:02.269 DEBUG 38196 --- [    Test worker] tourGuide.TestPerformance                : Running with Spring Boot v2.1.6.RELEASE, Spring v5.1.8.RELEASE
2022-10-03 09:59:02.270  INFO 38196 --- [    Test worker] tourGuide.TestPerformance                : No active profile set, falling back to default profiles: default
2022-10-03 09:59:03.896  INFO 38196 --- [    Test worker] tourGuide.service.TourGuideService       : TestMode enabled
2022-10-03 09:59:03.896 DEBUG 38196 --- [    Test worker] tourGuide.service.TourGuideService       : Initializing users
2022-10-03 09:59:03.921  INFO 38196 --- [    Test worker] o.j.m.DefaultMonetaryContextFactory      : Using custom MathContext: precision=256, roundingMode=HALF_EVEN
2022-10-03 09:59:03.940 DEBUG 38196 --- [    Test worker] tourGuide.service.TourGuideService       : Created 100 internal test users.
2022-10-03 09:59:03.941 DEBUG 38196 --- [    Test worker] tourGuide.service.TourGuideService       : Finished initializing users
2022-10-03 09:59:03.947 DEBUG 38196 --- [pool-3-thread-1] tourGuide.tracker.Tracker                : Begin Tracker. Tracking 100 users.
2022-10-03 09:59:03.947  INFO 38196 --- [pool-3-thread-1] tourGuide.service.TourGuideService       : Track Location for user internalUser78
2022-10-03 09:59:03.954  INFO 38196 --- [pool-3-thread-1] tourGuide.service.TourGuideService       : Track Location for user internalUser77
2022-10-03 09:59:03.955  INFO 38196 --- [pool-3-thread-1] tourGuide.service.TourGuideService       : Track Location for user internalUser79
2022-10-03 09:59:03.955  INFO 38196 --- [pool-3-thread-1] tourGuide.service.TourGuideService       : Track Location for user internalUser74
2022-10-03 09:59:03.955  INFO 38196 --- [pool-3-thread-1] tourGuide.service.TourGuideService       : Track Location for user internalUser73
2022-10-03 09:59:03.956  INFO 38196 --- [pool-3-thread-1] tourGuide.service.TourGuideService       : Track Location for user internalUser76
2022-10-03 09:59:03.956  INFO 38196 --- [pool-3-thread-1] tourGuide.service.TourGuideService       : Track Location for user internalUser75
2022-10-03 09:59:03.957  INFO 38196 --- [pool-3-thread-1] tourGuide.service.TourGuideService       : Track Location for user internalUser70
2022-10-03 09:59:03.957  INFO 38196 --- [pool-3-thread-1] tourGuide.service.TourGuideService       : Track Location for user internalUser72
2022-10-03 09:59:03.957  INFO 38196 --- [pool-3-thread-1] tourGuide.service.TourGuideService       : Track Location for user internalUser71
2022-10-03 09:59:03.957  INFO 38196 --- [pool-3-thread-1] tourGuide.service.TourGuideService       : Track Location for user internalUser90
2022-10-03 09:59:03.958  INFO 38196 --- [pool-3-thread-1] tourGuide.service.TourGuideService       : Track Location for user internalUser89
2022-10-03 09:59:03.958  INFO 38196 --- [pool-3-thread-1] tourGuide.service.TourGuideService       : Track Location for user internalUser88
2022-10-03 09:59:03.958  INFO 38196 --- [pool-3-thread-1] tourGuide.service.TourGuideService       : Track Location for user internalUser85
2022-10-03 09:59:03.958  INFO 38196 --- [pool-3-thread-1] tourGuide.service.TourGuideService       : Track Location for user internalUser84
2022-10-03 09:59:03.958  INFO 38196 --- [pool-3-thread-1] tourGuide.service.TourGuideService       : Track Location for user internalUser87
2022-10-03 09:59:03.959  INFO 38196 --- [pool-3-thread-1] tourGuide.service.TourGuideService       : Track Location for user internalUser86
2022-10-03 09:59:03.959  INFO 38196 --- [pool-3-thread-1] tourGuide.service.TourGuideService       : Track Location for user internalUser81
2022-10-03 09:59:03.959  INFO 38196 --- [pool-3-thread-1] tourGuide.service.TourGuideService       : Track Location for user internalUser80
2022-10-03 09:59:03.960  INFO 38196 --- [pool-3-thread-1] tourGuide.service.TourGuideService       : Track Location for user internalUser83
2022-10-03 09:59:03.960  INFO 38196 --- [pool-3-thread-1] tourGuide.service.TourGuideService       : Track Location for user internalUser82
2022-10-03 09:59:03.960  INFO 38196 --- [pool-3-thread-1] tourGuide.service.TourGuideService       : Track Location for user internalUser9
2022-10-03 09:59:03.960  INFO 38196 --- [pool-3-thread-1] tourGuide.service.TourGuideService       : Track Location for user internalUser8
2022-10-03 09:59:03.961  INFO 38196 --- [pool-3-thread-1] tourGuide.service.TourGuideService       : Track Location for user internalUser19
2022-10-03 09:59:03.961  INFO 38196 --- [pool-3-thread-1] tourGuide.service.TourGuideService       : Track Location for user internalUser16
2022-10-03 09:59:03.961  INFO 38196 --- [pool-3-thread-1] tourGuide.service.TourGuideService       : Track Location for user internalUser15
2022-10-03 09:59:03.962  INFO 38196 --- [pool-3-thread-1] tourGuide.service.TourGuideService       : Track Location for user internalUser18
2022-10-03 09:59:03.962  INFO 38196 --- [pool-3-thread-1] tourGuide.service.TourGuideService       : Track Location for user internalUser17
2022-10-03 09:59:03.962  INFO 38196 --- [pool-3-thread-1] tourGuide.service.TourGuideService       : Track Location for user internalUser12
2022-10-03 09:59:03.962  INFO 38196 --- [pool-3-thread-1] tourGuide.service.TourGuideService       : Track Location for user internalUser11
2022-10-03 09:59:03.962  INFO 38196 --- [pool-3-thread-1] tourGuide.service.TourGuideService       : Track Location for user internalUser99
2022-10-03 09:59:03.963  INFO 38196 --- [pool-3-thread-1] tourGuide.service.TourGuideService       : Track Location for user internalUser14
2022-10-03 09:59:03.963  INFO 38196 --- [pool-3-thread-1] tourGuide.service.TourGuideService       : Track Location for user internalUser13
2022-10-03 09:59:03.963  INFO 38196 --- [pool-3-thread-1] tourGuide.service.TourGuideService       : Track Location for user internalUser3
2022-10-03 09:59:03.963  INFO 38196 --- [pool-3-thread-1] tourGuide.service.TourGuideService       : Track Location for user internalUser96
2022-10-03 09:59:03.963  INFO 38196 --- [pool-3-thread-1] tourGuide.service.TourGuideService       : Track Location for user internalUser2
2022-10-03 09:59:03.964  INFO 38196 --- [pool-3-thread-1] tourGuide.service.TourGuideService       : Track Location for user internalUser95
2022-10-03 09:59:03.964  INFO 38196 --- [pool-3-thread-1] tourGuide.service.TourGuideService       : Track Location for user internalUser1
2022-10-03 09:59:03.964  INFO 38196 --- [pool-3-thread-1] tourGuide.service.TourGuideService       : Track Location for user internalUser10
2022-10-03 09:59:03.964  INFO 38196 --- [pool-3-thread-1] tourGuide.service.TourGuideService       : Track Location for user internalUser98
2022-10-03 09:59:03.964  INFO 38196 --- [pool-3-thread-1] tourGuide.service.TourGuideService       : Track Location for user internalUser0
2022-10-03 09:59:03.965  INFO 38196 --- [pool-3-thread-1] tourGuide.service.TourGuideService       : Track Location for user internalUser97
2022-10-03 09:59:03.965  INFO 38196 --- [pool-3-thread-1] tourGuide.service.TourGuideService       : Track Location for user internalUser7
2022-10-03 09:59:03.965  INFO 38196 --- [pool-3-thread-1] tourGuide.service.TourGuideService       : Track Location for user internalUser92
2022-10-03 09:59:03.965  INFO 38196 --- [pool-3-thread-1] tourGuide.service.TourGuideService       : Track Location for user internalUser6
2022-10-03 09:59:03.966  INFO 38196 --- [pool-3-thread-1] tourGuide.service.TourGuideService       : Track Location for user internalUser91
2022-10-03 09:59:03.966  INFO 38196 --- [pool-3-thread-1] tourGuide.service.TourGuideService       : Track Location for user internalUser5
2022-10-03 09:59:03.966  INFO 38196 --- [pool-3-thread-1] tourGuide.service.TourGuideService       : Track Location for user internalUser94
2022-10-03 09:59:03.966  INFO 38196 --- [pool-3-thread-1] tourGuide.service.TourGuideService       : Track Location for user internalUser4
2022-10-03 09:59:03.966  INFO 38196 --- [pool-3-thread-1] tourGuide.service.TourGuideService       : Track Location for user internalUser93
2022-10-03 09:59:03.967  INFO 38196 --- [pool-3-thread-1] tourGuide.service.TourGuideService       : Track Location for user internalUser27
2022-10-03 09:59:03.967  INFO 38196 --- [pool-3-thread-1] tourGuide.service.TourGuideService       : Track Location for user internalUser26
2022-10-03 09:59:03.967  INFO 38196 --- [pool-3-thread-1] tourGuide.service.TourGuideService       : Track Location for user internalUser29
2022-10-03 09:59:03.967  INFO 38196 --- [pool-3-thread-1] tourGuide.service.TourGuideService       : Track Location for user internalUser28
2022-10-03 09:59:03.967  INFO 38196 --- [pool-3-thread-1] tourGuide.service.TourGuideService       : Track Location for user internalUser23
2022-10-03 09:59:03.968  INFO 38196 --- [pool-3-thread-1] tourGuide.service.TourGuideService       : Track Location for user internalUser22
2022-10-03 09:59:03.968  INFO 38196 --- [pool-3-thread-1] tourGuide.service.TourGuideService       : Track Location for user internalUser25
2022-10-03 09:59:03.968  INFO 38196 --- [pool-3-thread-1] tourGuide.service.TourGuideService       : Track Location for user internalUser24
2022-10-03 09:59:03.968  INFO 38196 --- [pool-3-thread-1] tourGuide.service.TourGuideService       : Track Location for user internalUser21
2022-10-03 09:59:03.969  INFO 38196 --- [pool-3-thread-1] tourGuide.service.TourGuideService       : Track Location for user internalUser20
2022-10-03 09:59:03.969  INFO 38196 --- [pool-3-thread-1] tourGuide.service.TourGuideService       : Track Location for user internalUser38
2022-10-03 09:59:03.969  INFO 38196 --- [pool-3-thread-1] tourGuide.service.TourGuideService       : Track Location for user internalUser37
2022-10-03 09:59:03.969  INFO 38196 --- [pool-3-thread-1] tourGuide.service.TourGuideService       : Track Location for user internalUser39
2022-10-03 09:59:03.970  INFO 38196 --- [pool-3-thread-1] tourGuide.service.TourGuideService       : Track Location for user internalUser34
2022-10-03 09:59:03.970  INFO 38196 --- [pool-3-thread-1] tourGuide.service.TourGuideService       : Track Location for user internalUser33
2022-10-03 09:59:03.970  INFO 38196 --- [pool-3-thread-1] tourGuide.service.TourGuideService       : Track Location for user internalUser36
2022-10-03 09:59:03.970  INFO 38196 --- [pool-3-thread-1] tourGuide.service.TourGuideService       : Track Location for user internalUser35
2022-10-03 09:59:03.970  INFO 38196 --- [pool-3-thread-1] tourGuide.service.TourGuideService       : Track Location for user internalUser30
2022-10-03 09:59:03.971  INFO 38196 --- [pool-3-thread-1] tourGuide.service.TourGuideService       : Track Location for user internalUser32
2022-10-03 09:59:03.971  INFO 38196 --- [pool-3-thread-1] tourGuide.service.TourGuideService       : Track Location for user internalUser31
2022-10-03 09:59:03.971  INFO 38196 --- [pool-3-thread-1] tourGuide.service.TourGuideService       : Track Location for user internalUser49
2022-10-03 09:59:03.971  INFO 38196 --- [pool-3-thread-1] tourGuide.service.TourGuideService       : Track Location for user internalUser48
2022-10-03 09:59:03.971  INFO 38196 --- [pool-3-thread-1] tourGuide.service.TourGuideService       : Track Location for user internalUser45
2022-10-03 09:59:03.972  INFO 38196 --- [pool-3-thread-1] tourGuide.service.TourGuideService       : Track Location for user internalUser44
2022-10-03 09:59:03.972  INFO 38196 --- [pool-3-thread-1] tourGuide.service.TourGuideService       : Track Location for user internalUser47
2022-10-03 09:59:03.972  INFO 38196 --- [pool-3-thread-1] tourGuide.service.TourGuideService       : Track Location for user internalUser46
2022-10-03 09:59:03.972  INFO 38196 --- [pool-3-thread-1] tourGuide.service.TourGuideService       : Track Location for user internalUser41
2022-10-03 09:59:03.973  INFO 38196 --- [pool-3-thread-1] tourGuide.service.TourGuideService       : Track Location for user internalUser40
2022-10-03 09:59:03.973  INFO 38196 --- [pool-3-thread-1] tourGuide.service.TourGuideService       : Track Location for user internalUser43
2022-10-03 09:59:03.973  INFO 38196 --- [pool-3-thread-1] tourGuide.service.TourGuideService       : Track Location for user internalUser42
2022-10-03 09:59:03.973  INFO 38196 --- [pool-3-thread-1] tourGuide.service.TourGuideService       : Track Location for user internalUser59
2022-10-03 09:59:03.973  INFO 38196 --- [pool-3-thread-1] tourGuide.service.TourGuideService       : Track Location for user internalUser56
2022-10-03 09:59:03.974  INFO 38196 --- [pool-3-thread-1] tourGuide.service.TourGuideService       : Track Location for user internalUser55
2022-10-03 09:59:03.974  INFO 38196 --- [pool-3-thread-1] tourGuide.service.TourGuideService       : Track Location for user internalUser58
2022-10-03 09:59:03.974  INFO 38196 --- [pool-3-thread-1] tourGuide.service.TourGuideService       : Track Location for user internalUser57
2022-10-03 09:59:03.974  INFO 38196 --- [pool-3-thread-1] tourGuide.service.TourGuideService       : Track Location for user internalUser52
2022-10-03 09:59:03.974  INFO 38196 --- [pool-3-thread-1] tourGuide.service.TourGuideService       : Track Location for user internalUser51
2022-10-03 09:59:03.975  INFO 38196 --- [pool-3-thread-1] tourGuide.service.TourGuideService       : Track Location for user internalUser54
2022-10-03 09:59:03.975  INFO 38196 --- [pool-3-thread-1] tourGuide.service.TourGuideService       : Track Location for user internalUser53
2022-10-03 09:59:03.975  INFO 38196 --- [pool-3-thread-1] tourGuide.service.TourGuideService       : Track Location for user internalUser50
2022-10-03 09:59:03.975  INFO 38196 --- [pool-3-thread-1] tourGuide.service.TourGuideService       : Track Location for user internalUser67
2022-10-03 09:59:03.976  INFO 38196 --- [pool-3-thread-1] tourGuide.service.TourGuideService       : Track Location for user internalUser66
2022-10-03 09:59:03.976  INFO 38196 --- [pool-3-thread-1] tourGuide.service.TourGuideService       : Track Location for user internalUser69
2022-10-03 09:59:03.976  INFO 38196 --- [pool-3-thread-1] tourGuide.service.TourGuideService       : Track Location for user internalUser68
2022-10-03 09:59:03.976  INFO 38196 --- [pool-3-thread-1] tourGuide.service.TourGuideService       : Track Location for user internalUser63
2022-10-03 09:59:03.976  INFO 38196 --- [pool-3-thread-1] tourGuide.service.TourGuideService       : Track Location for user internalUser62
2022-10-03 09:59:03.977  INFO 38196 --- [pool-3-thread-1] tourGuide.service.TourGuideService       : Track Location for user internalUser65
2022-10-03 09:59:03.977  INFO 38196 --- [pool-3-thread-1] tourGuide.service.TourGuideService       : Track Location for user internalUser64
2022-10-03 09:59:03.977  INFO 38196 --- [pool-3-thread-1] tourGuide.service.TourGuideService       : Track Location for user internalUser61
2022-10-03 09:59:03.977  INFO 38196 --- [pool-3-thread-1] tourGuide.service.TourGuideService       : Track Location for user internalUser60
2022-10-03 09:59:03.978 DEBUG 38196 --- [pool-3-thread-1] tourGuide.tracker.Tracker                : Tracker Time Elapsed: 0 seconds.
2022-10-03 09:59:03.978 DEBUG 38196 --- [pool-3-thread-1] tourGuide.tracker.Tracker                : Tracker sleeping
2022-10-03 09:59:04.712  INFO 38196 --- [    Test worker] o.s.s.concurrent.ThreadPoolTaskExecutor  : Initializing ExecutorService 'applicationTaskExecutor'
2022-10-03 09:59:05.478  INFO 38196 --- [    Test worker] o.s.b.a.e.web.EndpointLinksResolver      : Exposing 2 endpoint(s) beneath base path '/actuator'
2022-10-03 09:59:05.538  INFO 38196 --- [    Test worker] tourGuide.TestPerformance                : Started TestPerformance in 3.647 seconds (JVM running for 5.193)
2022-10-03 09:59:05.922  INFO 38196 --- [    Test worker] tourGuide.service.TourGuideService       : TestMode enabled
2022-10-03 09:59:05.923 DEBUG 38196 --- [    Test worker] tourGuide.service.TourGuideService       : Initializing users
2022-10-03 09:59:05.959 DEBUG 38196 --- [    Test worker] tourGuide.service.TourGuideService       : Created 1000 internal test users.
2022-10-03 09:59:05.959 DEBUG 38196 --- [    Test worker] tourGuide.service.TourGuideService       : Finished initializing users
2022-10-03 09:59:05.960  INFO 38196 --- [    Test worker] tourGuide.service.TourGuideService       : Track Location for user internalUser163
2022-10-03 09:59:05.960 DEBUG 38196 --- [pool-7-thread-1] tourGuide.tracker.Tracker                : Begin Tracker. Tracking 1000 users.
2022-10-03 09:59:05.960  INFO 38196 --- [pool-7-thread-1] tourGuide.service.TourGuideService       : Track Location for user internalUser163
2022-10-03 09:59:05.961  INFO 38196 --- [    Test worker] tourGuide.service.TourGuideService       : Track Location for user internalUser164
2022-10-03 09:59:05.961  INFO 38196 --- [pool-7-thread-1] tourGuide.service.TourGuideService       : Track Location for user internalUser164
2022-10-03 09:59:05.961  INFO 38196 --- [    Test worker] tourGuide.service.TourGuideService       : Track Location for user internalUser161
2022-10-03 09:59:05.961  INFO 38196 --- [pool-7-thread-1] tourGuide.service.TourGuideService       : Track Location for user internalUser161
2022-10-03 09:59:05.961  INFO 38196 --- [    Test worker] tourGuide.service.TourGuideService       : Track Location for user internalUser162
2022-10-03 09:59:05.961  INFO 38196 --- [pool-7-thread-1] tourGuide.service.TourGuideService       : Track Location for user internalUser162
2022-10-03 09:59:05.962  INFO 38196 --- [    Test worker] tourGuide.service.TourGuideService       : Track Location for user internalUser160
2022-10-03 09:59:05.962  INFO 38196 --- [pool-7-thread-1] tourGuide.service.TourGuideService       : Track Location for user internalUser160
2022-10-03 09:59:05.962  INFO 38196 --- [    Test worker] tourGuide.service.TourGuideService       : Track Location for user internalUser169
2022-10-03 09:59:05.962  INFO 38196 --- [pool-7-thread-1] tourGuide.service.TourGuideService       : Track Location for user internalUser169
2022-10-03 09:59:05.962  INFO 38196 --- [    Test worker] tourGuide.service.TourGuideService       : Track Location for user internalUser167
2022-10-03 09:59:05.962  INFO 38196 --- [pool-7-thread-1] tourGuide.service.TourGuideService       : Track Location for user internalUser167
2022-10-03 09:59:05.962  INFO 38196 --- [    Test worker] tourGuide.service.TourGuideService       : Track Location for user internalUser168
2022-10-03 09:59:05.962  INFO 38196 --- [pool-7-thread-1] tourGuide.service.TourGuideService       : Track Location for user internalUser168
2022-10-03 09:59:05.963  INFO 38196 --- [    Test worker] tourGuide.service.TourGuideService       : Track Location for user internalUser165
2022-10-03 09:59:05.963  INFO 38196 --- [pool-7-thread-1] tourGuide.service.TourGuideService       : Track Location for user internalUser165
2022-10-03 09:59:05.963  INFO 38196 --- [    Test worker] tourGuide.service.TourGuideService       : Track Location for user internalUser166
2022-10-03 09:59:05.963  INFO 38196 --- [pool-7-thread-1] tourGuide.service.TourGuideService       : Track Location for user internalUser166
2022-10-03 09:59:05.963  INFO 38196 --- [    Test worker] tourGuide.service.TourGuideService       : Track Location for user internalUser174
2022-10-03 09:59:05.963  INFO 38196 --- [pool-7-thread-1] tourGuide.service.TourGuideService       : Track Location for user internalUser174
2022-10-03 09:59:05.963  INFO 38196 --- [    Test worker] tourGuide.service.TourGuideService       : Track Location for user internalUser175
2022-10-03 09:59:05.964  INFO 38196 --- [pool-7-thread-1] tourGuide.service.TourGuideService       : Track Location for user internalUser175
2022-10-03 09:59:05.964  INFO 38196 --- [    Test worker] tourGuide.service.TourGuideService       : Track Location for user internalUser172
2022-10-03 09:59:05.964  INFO 38196 --- [pool-7-thread-1] tourGuide.service.TourGuideService       : Track Location for user internalUser172
2022-10-03 09:59:05.964  INFO 38196 --- [    Test worker] tourGuide.service.TourGuideService       : Track Location for user internalUser173
2022-10-03 09:59:05.964  INFO 38196 --- [pool-7-thread-1] tourGuide.service.TourGuideService       : Track Location for user internalUser173
2022-10-03 09:59:05.964  INFO 38196 --- [    Test worker] tourGuide.service.TourGuideService       : Track Location for user internalUser170
2022-10-03 09:59:05.964  INFO 38196 --- [pool-7-thread-1] tourGuide.service.TourGuideService       : Track Location for user internalUser170
2022-10-03 09:59:05.964  INFO 38196 --- [    Test worker] tourGuide.service.TourGuideService       : Track Location for user internalUser171
2022-10-03 09:59:05.965  INFO 38196 --- [    Test worker] tourGuide.service.TourGuideService       : Track Location for user internalUser178
2022-10-03 09:59:05.965  INFO 38196 --- [pool-7-thread-1] tourGuide.service.TourGuideService       : Track Location for user internalUser171
2022-10-03 09:59:05.965  INFO 38196 --- [    Test worker] tourGuide.service.TourGuideService       : Track Location for user internalUser179
2022-10-03 09:59:05.965  INFO 38196 --- [pool-7-thread-1] tourGuide.service.TourGuideService       : Track Location for user internalUser178
2022-10-03 09:59:05.965  INFO 38196 --- [    Test worker] tourGuide.service.TourGuideService       : Track Location for user internalUser176
2022-10-03 09:59:05.965  INFO 38196 --- [pool-7-thread-1] tourGuide.service.TourGuideService       : Track Location for user internalUser179
2022-10-03 09:59:05.965  INFO 38196 --- [    Test worker] tourGuide.service.TourGuideService       : Track Location for user internalUser177
2022-10-03 09:59:05.965  INFO 38196 --- [pool-7-thread-1] tourGuide.service.TourGuideService       : Track Location for user internalUser176
2022-10-03 09:59:05.966  INFO 38196 --- [    Test worker] tourGuide.service.TourGuideService       : Track Location for user internalUser185
2022-10-03 09:59:05.966  INFO 38196 --- [pool-7-thread-1] tourGuide.service.TourGuideService       : Track Location for user internalUser177
2022-10-03 09:59:05.966  INFO 38196 --- [    Test worker] tourGuide.service.TourGuideService       : Track Location for user internalUser186
2022-10-03 09:59:05.966  INFO 38196 --- [pool-7-thread-1] tourGuide.service.TourGuideService       : Track Location for user internalUser185
2022-10-03 09:59:05.966  INFO 38196 --- [    Test worker] tourGuide.service.TourGuideService       : Track Location for user internalUser183
2022-10-03 09:59:05.966  INFO 38196 --- [pool-7-thread-1] tourGuide.service.TourGuideService       : Track Location for user internalUser186
2022-10-03 09:59:05.966  INFO 38196 --- [    Test worker] tourGuide.service.TourGuideService       : Track Location for user internalUser184
2022-10-03 09:59:05.966  INFO 38196 --- [pool-7-thread-1] tourGuide.service.TourGuideService       : Track Location for user internalUser183
2022-10-03 09:59:05.966  INFO 38196 --- [    Test worker] tourGuide.service.TourGuideService       : Track Location for user internalUser181
2022-10-03 09:59:05.967  INFO 38196 --- [pool-7-thread-1] tourGuide.service.TourGuideService       : Track Location for user internalUser184
2022-10-03 09:59:05.967  INFO 38196 --- [    Test worker] tourGuide.service.TourGuideService       : Track Location for user internalUser182
2022-10-03 09:59:05.967  INFO 38196 --- [pool-7-thread-1] tourGuide.service.TourGuideService       : Track Location for user internalUser181
2022-10-03 09:59:05.967  INFO 38196 --- [    Test worker] tourGuide.service.TourGuideService       : Track Location for user internalUser180
2022-10-03 09:59:05.967  INFO 38196 --- [pool-7-thread-1] tourGuide.service.TourGuideService       : Track Location for user internalUser182
2022-10-03 09:59:05.967  INFO 38196 --- [    Test worker] tourGuide.service.TourGuideService       : Track Location for user internalUser189
2022-10-03 09:59:05.967  INFO 38196 --- [pool-7-thread-1] tourGuide.service.TourGuideService       : Track Location for user internalUser180
2022-10-03 09:59:05.968  INFO 38196 --- [    Test worker] tourGuide.service.TourGuideService       : Track Location for user internalUser187
2022-10-03 09:59:05.968  INFO 38196 --- [pool-7-thread-1] tourGuide.service.TourGuideService       : Track Location for user internalUser189
2022-10-03 09:59:05.968  INFO 38196 --- [    Test worker] tourGuide.service.TourGuideService       : Track Location for user internalUser188
2022-10-03 09:59:05.968  INFO 38196 --- [pool-7-thread-1] tourGuide.service.TourGuideService       : Track Location for user internalUser187
2022-10-03 09:59:05.968  INFO 38196 --- [    Test worker] tourGuide.service.TourGuideService       : Track Location for user internalUser196
2022-10-03 09:59:05.968  INFO 38196 --- [pool-7-thread-1] tourGuide.service.TourGuideService       : Track Location for user internalUser188
2022-10-03 09:59:05.968  INFO 38196 --- [    Test worker] tourGuide.service.TourGuideService       : Track Location for user internalUser197
2022-10-03 09:59:05.969  INFO 38196 --- [pool-7-thread-1] tourGuide.service.TourGuideService       : Track Location for user internalUser196
2022-10-03 09:59:05.969  INFO 38196 --- [    Test worker] tourGuide.service.TourGuideService       : Track Location for user internalUser194
2022-10-03 09:59:05.969  INFO 38196 --- [pool-7-thread-1] tourGuide.service.TourGuideService       : Track Location for user internalUser197
2022-10-03 09:59:05.969  INFO 38196 --- [    Test worker] tourGuide.service.TourGuideService       : Track Location for user internalUser195
2022-10-03 09:59:05.969  INFO 38196 --- [pool-7-thread-1] tourGuide.service.TourGuideService       : Track Location for user internalUser194
2022-10-03 09:59:05.969  INFO 38196 --- [    Test worker] tourGuide.service.TourGuideService       : Track Location for user internalUser192
2022-10-03 09:59:05.969  INFO 38196 --- [pool-7-thread-1] tourGuide.service.TourGuideService       : Track Location for user internalUser195
2022-10-03 09:59:05.969  INFO 38196 --- [    Test worker] tourGuide.service.TourGuideService       : Track Location for user internalUser193
2022-10-03 09:59:05.969  INFO 38196 --- [pool-7-thread-1] tourGuide.service.TourGuideService       : Track Location for user internalUser192
2022-10-03 09:59:05.969  INFO 38196 --- [    Test worker] tourGuide.service.TourGuideService       : Track Location for user internalUser190
2022-10-03 09:59:05.970  INFO 38196 --- [pool-7-thread-1] tourGuide.service.TourGuideService       : Track Location for user internalUser193
2022-10-03 09:59:05.970  INFO 38196 --- [    Test worker] tourGuide.service.TourGuideService       : Track Location for user internalUser191
2022-10-03 09:59:05.970  INFO 38196 --- [pool-7-thread-1] tourGuide.service.TourGuideService       : Track Location for user internalUser190
2022-10-03 09:59:05.970  INFO 38196 --- [    Test worker] tourGuide.service.TourGuideService       : Track Location for user internalUser198
2022-10-03 09:59:05.970  INFO 38196 --- [pool-7-thread-1] tourGuide.service.TourGuideService       : Track Location for user internalUser191
2022-10-03 09:59:05.970  INFO 38196 --- [    Test worker] tourGuide.service.TourGuideService       : Track Location for user internalUser199
2022-10-03 09:59:05.970  INFO 38196 --- [pool-7-thread-1] tourGuide.service.TourGuideService       : Track Location for user internalUser198
2022-10-03 09:59:05.970  INFO 38196 --- [    Test worker] tourGuide.service.TourGuideService       : Track Location for user internalUser361
2022-10-03 09:59:05.971  INFO 38196 --- [pool-7-thread-1] tourGuide.service.TourGuideService       : Track Location for user internalUser199
2022-10-03 09:59:05.971  INFO 38196 --- [    Test worker] tourGuide.service.TourGuideService       : Track Location for user internalUser120
2022-10-03 09:59:05.971  INFO 38196 --- [pool-7-thread-1] tourGuide.service.TourGuideService       : Track Location for user internalUser361
2022-10-03 09:59:05.971  INFO 38196 --- [    Test worker] tourGuide.service.TourGuideService       : Track Location for user internalUser362
2022-10-03 09:59:05.971  INFO 38196 --- [pool-7-thread-1] tourGuide.service.TourGuideService       : Track Location for user internalUser120
2022-10-03 09:59:05.971  INFO 38196 --- [    Test worker] tourGuide.service.TourGuideService       : Track Location for user internalUser360
2022-10-03 09:59:05.971  INFO 38196 --- [pool-7-thread-1] tourGuide.service.TourGuideService       : Track Location for user internalUser362
2022-10-03 09:59:05.972  INFO 38196 --- [    Test worker] tourGuide.service.TourGuideService       : Track Location for user internalUser127
2022-10-03 09:59:05.972  INFO 38196 --- [pool-7-thread-1] tourGuide.service.TourGuideService       : Track Location for user internalUser360
2022-10-03 09:59:05.972  INFO 38196 --- [    Test worker] tourGuide.service.TourGuideService       : Track Location for user internalUser369
2022-10-03 09:59:05.972  INFO 38196 --- [pool-7-thread-1] tourGuide.service.TourGuideService       : Track Location for user internalUser127
2022-10-03 09:59:05.972  INFO 38196 --- [    Test worker] tourGuide.service.TourGuideService       : Track Location for user internalUser128
2022-10-03 09:59:05.972  INFO 38196 --- [pool-7-thread-1] tourGuide.service.TourGuideService       : Track Location for user internalUser369
2022-10-03 09:59:05.972  INFO 38196 --- [    Test worker] tourGuide.service.TourGuideService       : Track Location for user internalUser125
2022-10-03 09:59:05.973  INFO 38196 --- [pool-7-thread-1] tourGuide.service.TourGuideService       : Track Location for user internalUser128
2022-10-03 09:59:05.973  INFO 38196 --- [    Test worker] tourGuide.service.TourGuideService       : Track Location for user internalUser367
2022-10-03 09:59:05.973  INFO 38196 --- [pool-7-thread-1] tourGuide.service.TourGuideService       : Track Location for user internalUser125
2022-10-03 09:59:05.973  INFO 38196 --- [    Test worker] tourGuide.service.TourGuideService       : Track Location for user internalUser126
2022-10-03 09:59:05.973  INFO 38196 --- [pool-7-thread-1] tourGuide.service.TourGuideService       : Track Location for user internalUser367
2022-10-03 09:59:05.973  INFO 38196 --- [    Test worker] tourGuide.service.TourGuideService       : Track Location for user internalUser368
2022-10-03 09:59:05.974  INFO 38196 --- [pool-7-thread-1] tourGuide.service.TourGuideService       : Track Location for user internalUser126
2022-10-03 09:59:05.974  INFO 38196 --- [    Test worker] tourGuide.service.TourGuideService       : Track Location for user internalUser123
2022-10-03 09:59:05.974  INFO 38196 --- [pool-7-thread-1] tourGuide.service.TourGuideService       : Track Location for user internalUser368
2022-10-03 09:59:05.974  INFO 38196 --- [    Test worker] tourGuide.service.TourGuideService       : Track Location for user internalUser365
2022-10-03 09:59:05.974  INFO 38196 --- [pool-7-thread-1] tourGuide.service.TourGuideService       : Track Location for user internalUser123
2022-10-03 09:59:05.974  INFO 38196 --- [    Test worker] tourGuide.service.TourGuideService       : Track Location for user internalUser124
2022-10-03 09:59:05.974  INFO 38196 --- [pool-7-thread-1] tourGuide.service.TourGuideService       : Track Location for user internalUser365
2022-10-03 09:59:05.975  INFO 38196 --- [    Test worker] tourGuide.service.TourGuideService       : Track Location for user internalUser366
2022-10-03 09:59:05.975  INFO 38196 --- [pool-7-thread-1] tourGuide.service.TourGuideService       : Track Location for user internalUser124
2022-10-03 09:59:05.975  INFO 38196 --- [    Test worker] tourGuide.service.TourGuideService       : Track Location for user internalUser121
2022-10-03 09:59:05.975  INFO 38196 --- [pool-7-thread-1] tourGuide.service.TourGuideService       : Track Location for user internalUser366
2022-10-03 09:59:05.975  INFO 38196 --- [    Test worker] tourGuide.service.TourGuideService       : Track Location for user internalUser363
2022-10-03 09:59:05.975  INFO 38196 --- [pool-7-thread-1] tourGuide.service.TourGuideService       : Track Location for user internalUser121
2022-10-03 09:59:05.975  INFO 38196 --- [    Test worker] tourGuide.service.TourGuideService       : Track Location for user internalUser122
2022-10-03 09:59:05.975  INFO 38196 --- [pool-7-thread-1] tourGuide.service.TourGuideService       : Track Location for user internalUser363
2022-10-03 09:59:05.976  INFO 38196 --- [    Test worker] tourGuide.service.TourGuideService       : Track Location for user internalUser364
2022-10-03 09:59:05.976  INFO 38196 --- [pool-7-thread-1] tourGuide.service.TourGuideService       : Track Location for user internalUser122
2022-10-03 09:59:05.976  INFO 38196 --- [    Test worker] tourGuide.service.TourGuideService       : Track Location for user internalUser129
2022-10-03 09:59:05.976  INFO 38196 --- [pool-7-thread-1] tourGuide.service.TourGuideService       : Track Location for user internalUser364
2022-10-03 09:59:05.976  INFO 38196 --- [    Test worker] tourGuide.service.TourGuideService       : Track Location for user internalUser130
2022-10-03 09:59:05.976  INFO 38196 --- [pool-7-thread-1] tourGuide.service.TourGuideService       : Track Location for user internalUser129
2022-10-03 09:59:05.977  INFO 38196 --- [    Test worker] tourGuide.service.TourGuideService       : Track Location for user internalUser372
2022-10-03 09:59:05.977  INFO 38196 --- [pool-7-thread-1] tourGuide.service.TourGuideService       : Track Location for user internalUser130
2022-10-03 09:59:05.977  INFO 38196 --- [    Test worker] tourGuide.service.TourGuideService       : Track Location for user internalUser131
2022-10-03 09:59:05.977  INFO 38196 --- [pool-7-thread-1] tourGuide.service.TourGuideService       : Track Location for user internalUser372
2022-10-03 09:59:05.977  INFO 38196 --- [    Test worker] tourGuide.service.TourGuideService       : Track Location for user internalUser373
2022-10-03 09:59:05.977  INFO 38196 --- [pool-7-thread-1] tourGuide.service.TourGuideService       : Track Location for user internalUser131
2022-10-03 09:59:05.977  INFO 38196 --- [    Test worker] tourGuide.service.TourGuideService       : Track Location for user internalUser370
2022-10-03 09:59:05.977  INFO 38196 --- [pool-7-thread-1] tourGuide.service.TourGuideService       : Track Location for user internalUser373
2022-10-03 09:59:05.977  INFO 38196 --- [    Test worker] tourGuide.service.TourGuideService       : Track Location for user internalUser371
2022-10-03 09:59:05.978  INFO 38196 --- [pool-7-thread-1] tourGuide.service.TourGuideService       : Track Location for user internalUser370
2022-10-03 09:59:05.978  INFO 38196 --- [    Test worker] tourGuide.service.TourGuideService       : Track Location for user internalUser138
2022-10-03 09:59:05.978  INFO 38196 --- [pool-7-thread-1] tourGuide.service.TourGuideService       : Track Location for user internalUser371
2022-10-03 09:59:05.978  INFO 38196 --- [    Test worker] tourGuide.service.TourGuideService       : Track Location for user internalUser139
2022-10-03 09:59:05.978  INFO 38196 --- [pool-7-thread-1] tourGuide.service.TourGuideService       : Track Location for user internalUser138
2022-10-03 09:59:05.978  INFO 38196 --- [    Test worker] tourGuide.service.TourGuideService       : Track Location for user internalUser136
2022-10-03 09:59:05.978  INFO 38196 --- [pool-7-thread-1] tourGuide.service.TourGuideService       : Track Location for user internalUser139
2022-10-03 09:59:05.978  INFO 38196 --- [    Test worker] tourGuide.service.TourGuideService       : Track Location for user internalUser378
2022-10-03 09:59:05.979  INFO 38196 --- [pool-7-thread-1] tourGuide.service.TourGuideService       : Track Location for user internalUser136
2022-10-03 09:59:05.979  INFO 38196 --- [    Test worker] tourGuide.service.TourGuideService       : Track Location for user internalUser137
2022-10-03 09:59:05.979  INFO 38196 --- [pool-7-thread-1] tourGuide.service.TourGuideService       : Track Location for user internalUser378
2022-10-03 09:59:05.979  INFO 38196 --- [    Test worker] tourGuide.service.TourGuideService       : Track Location for user internalUser379
2022-10-03 09:59:05.979  INFO 38196 --- [pool-7-thread-1] tourGuide.service.TourGuideService       : Track Location for user internalUser137
2022-10-03 09:59:05.979  INFO 38196 --- [    Test worker] tourGuide.service.TourGuideService       : Track Location for user internalUser134
2022-10-03 09:59:05.979  INFO 38196 --- [pool-7-thread-1] tourGuide.service.TourGuideService       : Track Location for user internalUser379
2022-10-03 09:59:05.979  INFO 38196 --- [    Test worker] tourGuide.service.TourGuideService       : Track Location for user internalUser376
2022-10-03 09:59:05.979  INFO 38196 --- [pool-7-thread-1] tourGuide.service.TourGuideService       : Track Location for user internalUser134
2022-10-03 09:59:05.980  INFO 38196 --- [    Test worker] tourGuide.service.TourGuideService       : Track Location for user internalUser135
2022-10-03 09:59:05.980  INFO 38196 --- [pool-7-thread-1] tourGuide.service.TourGuideService       : Track Location for user internalUser376
2022-10-03 09:59:05.980  INFO 38196 --- [    Test worker] tourGuide.service.TourGuideService       : Track Location for user internalUser377
2022-10-03 09:59:05.980  INFO 38196 --- [pool-7-thread-1] tourGuide.service.TourGuideService       : Track Location for user internalUser135
2022-10-03 09:59:05.980  INFO 38196 --- [    Test worker] tourGuide.service.TourGuideService       : Track Location for user internalUser132
2022-10-03 09:59:05.980  INFO 38196 --- [pool-7-thread-1] tourGuide.service.TourGuideService       : Track Location for user internalUser377
2022-10-03 09:59:05.980  INFO 38196 --- [    Test worker] tourGuide.service.TourGuideService       : Track Location for user internalUser374
2022-10-03 09:59:05.980  INFO 38196 --- [pool-7-thread-1] tourGuide.service.TourGuideService       : Track Location for user internalUser132
2022-10-03 09:59:05.980  INFO 38196 --- [    Test worker] tourGuide.service.TourGuideService       : Track Location for user internalUser133
2022-10-03 09:59:05.980  INFO 38196 --- [pool-7-thread-1] tourGuide.service.TourGuideService       : Track Location for user internalUser374
2022-10-03 09:59:05.981  INFO 38196 --- [    Test worker] tourGuide.service.TourGuideService       : Track Location for user internalUser375
2022-10-03 09:59:05.981  INFO 38196 --- [pool-7-thread-1] tourGuide.service.TourGuideService       : Track Location for user internalUser133
2022-10-03 09:59:05.981  INFO 38196 --- [    Test worker] tourGuide.service.TourGuideService       : Track Location for user internalUser141
2022-10-03 09:59:05.981  INFO 38196 --- [pool-7-thread-1] tourGuide.service.TourGuideService       : Track Location for user internalUser375
2022-10-03 09:59:05.981  INFO 38196 --- [    Test worker] tourGuide.service.TourGuideService       : Track Location for user internalUser383
2022-10-03 09:59:05.981  INFO 38196 --- [pool-7-thread-1] tourGuide.service.TourGuideService       : Track Location for user internalUser141
2022-10-03 09:59:05.981  INFO 38196 --- [    Test worker] tourGuide.service.TourGuideService       : Track Location for user internalUser142
2022-10-03 09:59:05.981  INFO 38196 --- [pool-7-thread-1] tourGuide.service.TourGuideService       : Track Location for user internalUser383
2022-10-03 09:59:05.981  INFO 38196 --- [    Test worker] tourGuide.service.TourGuideService       : Track Location for user internalUser384
2022-10-03 09:59:05.981  INFO 38196 --- [pool-7-thread-1] tourGuide.service.TourGuideService       : Track Location for user internalUser142
2022-10-03 09:59:05.982  INFO 38196 --- [pool-7-thread-1] tourGuide.service.TourGuideService       : Track Location for user internalUser384
2022-10-03 09:59:05.982  INFO 38196 --- [    Test worker] tourGuide.service.TourGuideService       : Track Location for user internalUser381
2022-10-03 09:59:05.982  INFO 38196 --- [pool-7-thread-1] tourGuide.service.TourGuideService       : Track Location for user internalUser381
2022-10-03 09:59:05.982  INFO 38196 --- [    Test worker] tourGuide.service.TourGuideService       : Track Location for user internalUser140
2022-10-03 09:59:05.982  INFO 38196 --- [pool-7-thread-1] tourGuide.service.TourGuideService       : Track Location for user internalUser140
2022-10-03 09:59:05.982  INFO 38196 --- [    Test worker] tourGuide.service.TourGuideService       : Track Location for user internalUser382
2022-10-03 09:59:05.982  INFO 38196 --- [pool-7-thread-1] tourGuide.service.TourGuideService       : Track Location for user internalUser382
2022-10-03 09:59:05.983  INFO 38196 --- [    Test worker] tourGuide.service.TourGuideService       : Track Location for user internalUser380
2022-10-03 09:59:05.983  INFO 38196 --- [pool-7-thread-1] tourGuide.service.TourGuideService       : Track Location for user internalUser380
2022-10-03 09:59:05.983  INFO 38196 --- [    Test worker] tourGuide.service.TourGuideService       : Track Location for user internalUser149
2022-10-03 09:59:05.983  INFO 38196 --- [pool-7-thread-1] tourGuide.service.TourGuideService       : Track Location for user internalUser149
2022-10-03 09:59:05.983  INFO 38196 --- [    Test worker] tourGuide.service.TourGuideService       : Track Location for user internalUser147
2022-10-03 09:59:05.983  INFO 38196 --- [pool-7-thread-1] tourGuide.service.TourGuideService       : Track Location for user internalUser147
2022-10-03 09:59:05.983  INFO 38196 --- [    Test worker] tourGuide.service.TourGuideService       : Track Location for user internalUser389
2022-10-03 09:59:05.983  INFO 38196 --- [pool-7-thread-1] tourGuide.service.TourGuideService       : Track Location for user internalUser389
2022-10-03 09:59:05.984  INFO 38196 --- [    Test worker] tourGuide.service.TourGuideService       : Track Location for user internalUser148
2022-10-03 09:59:05.984  INFO 38196 --- [pool-7-thread-1] tourGuide.service.TourGuideService       : Track Location for user internalUser148
2022-10-03 09:59:05.984  INFO 38196 --- [    Test worker] tourGuide.service.TourGuideService       : Track Location for user internalUser145
2022-10-03 09:59:05.984  INFO 38196 --- [pool-7-thread-1] tourGuide.service.TourGuideService       : Track Location for user internalUser145
2022-10-03 09:59:05.984  INFO 38196 --- [    Test worker] tourGuide.service.TourGuideService       : Track Location for user internalUser387
2022-10-03 09:59:05.984  INFO 38196 --- [pool-7-thread-1] tourGuide.service.TourGuideService       : Track Location for user internalUser387
2022-10-03 09:59:05.984  INFO 38196 --- [    Test worker] tourGuide.service.TourGuideService       : Track Location for user internalUser146
2022-10-03 09:59:05.984  INFO 38196 --- [pool-7-thread-1] tourGuide.service.TourGuideService       : Track Location for user internalUser146
2022-10-03 09:59:05.984  INFO 38196 --- [    Test worker] tourGuide.service.TourGuideService       : Track Location for user internalUser388
2022-10-03 09:59:05.985  INFO 38196 --- [pool-7-thread-1] tourGuide.service.TourGuideService       : Track Location for user internalUser388
2022-10-03 09:59:05.985  INFO 38196 --- [    Test worker] tourGuide.service.TourGuideService       : Track Location for user internalUser143
2022-10-03 09:59:05.985  INFO 38196 --- [pool-7-thread-1] tourGuide.service.TourGuideService       : Track Location for user internalUser143
2022-10-03 09:59:05.985  INFO 38196 --- [    Test worker] tourGuide.service.TourGuideService       : Track Location for user internalUser385
2022-10-03 09:59:05.985  INFO 38196 --- [pool-7-thread-1] tourGuide.service.TourGuideService       : Track Location for user internalUser385
2022-10-03 09:59:05.985  INFO 38196 --- [    Test worker] tourGuide.service.TourGuideService       : Track Location for user internalUser144
2022-10-03 09:59:05.985  INFO 38196 --- [pool-7-thread-1] tourGuide.service.TourGuideService       : Track Location for user internalUser144
2022-10-03 09:59:05.986  INFO 38196 --- [    Test worker] tourGuide.service.TourGuideService       : Track Location for user internalUser386
2022-10-03 09:59:05.986  INFO 38196 --- [pool-7-thread-1] tourGuide.service.TourGuideService       : Track Location for user internalUser386
2022-10-03 09:59:05.986  INFO 38196 --- [pool-7-thread-1] tourGuide.service.TourGuideService       : Track Location for user internalUser152
2022-10-03 09:59:05.986  INFO 38196 --- [    Test worker] tourGuide.service.TourGuideService       : Track Location for user internalUser152
2022-10-03 09:59:05.986  INFO 38196 --- [pool-7-thread-1] tourGuide.service.TourGuideService       : Track Location for user internalUser394
2022-10-03 09:59:05.986  INFO 38196 --- [    Test worker] tourGuide.service.TourGuideService       : Track Location for user internalUser394
2022-10-03 09:59:05.986  INFO 38196 --- [pool-7-thread-1] tourGuide.service.TourGuideService       : Track Location for user internalUser153
2022-10-03 09:59:05.986  INFO 38196 --- [    Test worker] tourGuide.service.TourGuideService       : Track Location for user internalUser153
2022-10-03 09:59:05.986  INFO 38196 --- [pool-7-thread-1] tourGuide.service.TourGuideService       : Track Location for user internalUser395
2022-10-03 09:59:05.987  INFO 38196 --- [    Test worker] tourGuide.service.TourGuideService       : Track Location for user internalUser395
2022-10-03 09:59:05.987  INFO 38196 --- [pool-7-thread-1] tourGuide.service.TourGuideService       : Track Location for user internalUser150
2022-10-03 09:59:05.987  INFO 38196 --- [    Test worker] tourGuide.service.TourGuideService       : Track Location for user internalUser150
2022-10-03 09:59:05.987  INFO 38196 --- [pool-7-thread-1] tourGuide.service.TourGuideService       : Track Location for user internalUser392
2022-10-03 09:59:05.987  INFO 38196 --- [    Test worker] tourGuide.service.TourGuideService       : Track Location for user internalUser392
2022-10-03 09:59:05.988  INFO 38196 --- [pool-7-thread-1] tourGuide.service.TourGuideService       : Track Location for user internalUser151
2022-10-03 09:59:05.988  INFO 38196 --- [    Test worker] tourGuide.service.TourGuideService       : Track Location for user internalUser151
2022-10-03 09:59:05.988  INFO 38196 --- [pool-7-thread-1] tourGuide.service.TourGuideService       : Track Location for user internalUser393
2022-10-03 09:59:05.988  INFO 38196 --- [    Test worker] tourGuide.service.TourGuideService       : Track Location for user internalUser393
2022-10-03 09:59:05.988  INFO 38196 --- [pool-7-thread-1] tourGuide.service.TourGuideService       : Track Location for user internalUser390
2022-10-03 09:59:05.988  INFO 38196 --- [    Test worker] tourGuide.service.TourGuideService       : Track Location for user internalUser390
2022-10-03 09:59:05.988  INFO 38196 --- [pool-7-thread-1] tourGuide.service.TourGuideService       : Track Location for user internalUser391
2022-10-03 09:59:05.988  INFO 38196 --- [    Test worker] tourGuide.service.TourGuideService       : Track Location for user internalUser391
2022-10-03 09:59:05.989  INFO 38196 --- [pool-7-thread-1] tourGuide.service.TourGuideService       : Track Location for user internalUser158
2022-10-03 09:59:05.989  INFO 38196 --- [    Test worker] tourGuide.service.TourGuideService       : Track Location for user internalUser158
2022-10-03 09:59:05.989  INFO 38196 --- [pool-7-thread-1] tourGuide.service.TourGuideService       : Track Location for user internalUser159
2022-10-03 09:59:05.989  INFO 38196 --- [    Test worker] tourGuide.service.TourGuideService       : Track Location for user internalUser159
2022-10-03 09:59:05.989  INFO 38196 --- [pool-7-thread-1] tourGuide.service.TourGuideService       : Track Location for user internalUser156
2022-10-03 09:59:05.989  INFO 38196 --- [    Test worker] tourGuide.service.TourGuideService       : Track Location for user internalUser156
2022-10-03 09:59:05.989  INFO 38196 --- [pool-7-thread-1] tourGuide.service.TourGuideService       : Track Location for user internalUser398
2022-10-03 09:59:05.990  INFO 38196 --- [    Test worker] tourGuide.service.TourGuideService       : Track Location for user internalUser398
2022-10-03 09:59:05.990  INFO 38196 --- [pool-7-thread-1] tourGuide.service.TourGuideService       : Track Location for user internalUser157
2022-10-03 09:59:05.990  INFO 38196 --- [    Test worker] tourGuide.service.TourGuideService       : Track Location for user internalUser157
2022-10-03 09:59:05.990  INFO 38196 --- [pool-7-thread-1] tourGuide.service.TourGuideService       : Track Location for user internalUser399
2022-10-03 09:59:05.990  INFO 38196 --- [pool-7-thread-1] tourGuide.service.TourGuideService       : Track Location for user internalUser154
2022-10-03 09:59:05.990  INFO 38196 --- [    Test worker] tourGuide.service.TourGuideService       : Track Location for user internalUser399
2022-10-03 09:59:05.990  INFO 38196 --- [pool-7-thread-1] tourGuide.service.TourGuideService       : Track Location for user internalUser396
2022-10-03 09:59:05.990  INFO 38196 --- [    Test worker] tourGuide.service.TourGuideService       : Track Location for user internalUser154
2022-10-03 09:59:05.991  INFO 38196 --- [pool-7-thread-1] tourGuide.service.TourGuideService       : Track Location for user internalUser155
2022-10-03 09:59:05.991  INFO 38196 --- [    Test worker] tourGuide.service.TourGuideService       : Track Location for user internalUser396
2022-10-03 09:59:05.991  INFO 38196 --- [pool-7-thread-1] tourGuide.service.TourGuideService       : Track Location for user internalUser397
2022-10-03 09:59:05.991  INFO 38196 --- [    Test worker] tourGuide.service.TourGuideService       : Track Location for user internalUser155
2022-10-03 09:59:05.991  INFO 38196 --- [pool-7-thread-1] tourGuide.service.TourGuideService       : Track Location for user internalUser560
2022-10-03 09:59:05.991  INFO 38196 --- [    Test worker] tourGuide.service.TourGuideService       : Track Location for user internalUser397
2022-10-03 09:59:05.991  INFO 38196 --- [pool-7-thread-1] tourGuide.service.TourGuideService       : Track Location for user internalUser325
2022-10-03 09:59:05.991  INFO 38196 --- [    Test worker] tourGuide.service.TourGuideService       : Track Location for user internalUser560
2022-10-03 09:59:05.992  INFO 38196 --- [pool-7-thread-1] tourGuide.service.TourGuideService       : Track Location for user internalUser567
2022-10-03 09:59:05.992  INFO 38196 --- [    Test worker] tourGuide.service.TourGuideService       : Track Location for user internalUser325
2022-10-03 09:59:05.992  INFO 38196 --- [pool-7-thread-1] tourGuide.service.TourGuideService       : Track Location for user internalUser326
2022-10-03 09:59:05.992  INFO 38196 --- [    Test worker] tourGuide.service.TourGuideService       : Track Location for user internalUser567
2022-10-03 09:59:05.992  INFO 38196 --- [pool-7-thread-1] tourGuide.service.TourGuideService       : Track Location for user internalUser568
2022-10-03 09:59:05.992  INFO 38196 --- [pool-7-thread-1] tourGuide.service.TourGuideService       : Track Location for user internalUser323
2022-10-03 09:59:05.992  INFO 38196 --- [    Test worker] tourGuide.service.TourGuideService       : Track Location for user internalUser326
2022-10-03 09:59:05.992  INFO 38196 --- [pool-7-thread-1] tourGuide.service.TourGuideService       : Track Location for user internalUser565
2022-10-03 09:59:05.993  INFO 38196 --- [    Test worker] tourGuide.service.TourGuideService       : Track Location for user internalUser568
2022-10-03 09:59:05.993  INFO 38196 --- [pool-7-thread-1] tourGuide.service.TourGuideService       : Track Location for user internalUser324
2022-10-03 09:59:05.993  INFO 38196 --- [    Test worker] tourGuide.service.TourGuideService       : Track Location for user internalUser323
2022-10-03 09:59:05.993  INFO 38196 --- [pool-7-thread-1] tourGuide.service.TourGuideService       : Track Location for user internalUser566
2022-10-03 09:59:05.993  INFO 38196 --- [    Test worker] tourGuide.service.TourGuideService       : Track Location for user internalUser565
2022-10-03 09:59:05.993  INFO 38196 --- [pool-7-thread-1] tourGuide.service.TourGuideService       : Track Location for user internalUser321
2022-10-03 09:59:05.993  INFO 38196 --- [    Test worker] tourGuide.service.TourGuideService       : Track Location for user internalUser324
2022-10-03 09:59:05.993  INFO 38196 --- [pool-7-thread-1] tourGuide.service.TourGuideService       : Track Location for user internalUser563
2022-10-03 09:59:05.994  INFO 38196 --- [pool-7-thread-1] tourGuide.service.TourGuideService       : Track Location for user internalUser322
2022-10-03 09:59:05.994  INFO 38196 --- [    Test worker] tourGuide.service.TourGuideService       : Track Location for user internalUser566
2022-10-03 09:59:05.994  INFO 38196 --- [pool-7-thread-1] tourGuide.service.TourGuideService       : Track Location for user internalUser564
2022-10-03 09:59:05.994  INFO 38196 --- [    Test worker] tourGuide.service.TourGuideService       : Track Location for user internalUser321
2022-10-03 09:59:05.994  INFO 38196 --- [pool-7-thread-1] tourGuide.service.TourGuideService       : Track Location for user internalUser561
2022-10-03 09:59:05.994  INFO 38196 --- [    Test worker] tourGuide.service.TourGuideService       : Track Location for user internalUser563
2022-10-03 09:59:05.994  INFO 38196 --- [pool-7-thread-1] tourGuide.service.TourGuideService       : Track Location for user internalUser320
2022-10-03 09:59:05.995  INFO 38196 --- [    Test worker] tourGuide.service.TourGuideService       : Track Location for user internalUser322
2022-10-03 09:59:05.995  INFO 38196 --- [pool-7-thread-1] tourGuide.service.TourGuideService       : Track Location for user internalUser562
2022-10-03 09:59:05.995  INFO 38196 --- [    Test worker] tourGuide.service.TourGuideService       : Track Location for user internalUser564
2022-10-03 09:59:05.995  INFO 38196 --- [pool-7-thread-1] tourGuide.service.TourGuideService       : Track Location for user internalUser329
2022-10-03 09:59:05.995  INFO 38196 --- [    Test worker] tourGuide.service.TourGuideService       : Track Location for user internalUser561
2022-10-03 09:59:05.995  INFO 38196 --- [pool-7-thread-1] tourGuide.service.TourGuideService       : Track Location for user internalUser327
2022-10-03 09:59:05.995  INFO 38196 --- [    Test worker] tourGuide.service.TourGuideService       : Track Location for user internalUser320
2022-10-03 09:59:05.995  INFO 38196 --- [pool-7-thread-1] tourGuide.service.TourGuideService       : Track Location for user internalUser569
2022-10-03 09:59:05.996  INFO 38196 --- [    Test worker] tourGuide.service.TourGuideService       : Track Location for user internalUser562
2022-10-03 09:59:05.996  INFO 38196 --- [pool-7-thread-1] tourGuide.service.TourGuideService       : Track Location for user internalUser328
2022-10-03 09:59:05.996  INFO 38196 --- [    Test worker] tourGuide.service.TourGuideService       : Track Location for user internalUser329
2022-10-03 09:59:05.996  INFO 38196 --- [pool-7-thread-1] tourGuide.service.TourGuideService       : Track Location for user internalUser570
2022-10-03 09:59:05.996  INFO 38196 --- [    Test worker] tourGuide.service.TourGuideService       : Track Location for user internalUser327
2022-10-03 09:59:05.996  INFO 38196 --- [pool-7-thread-1] tourGuide.service.TourGuideService       : Track Location for user internalUser571
2022-10-03 09:59:05.996  INFO 38196 --- [    Test worker] tourGuide.service.TourGuideService       : Track Location for user internalUser569
2022-10-03 09:59:05.997  INFO 38196 --- [pool-7-thread-1] tourGuide.service.TourGuideService       : Track Location for user internalUser336
2022-10-03 09:59:05.997  INFO 38196 --- [    Test worker] tourGuide.service.TourGuideService       : Track Location for user internalUser328
2022-10-03 09:59:05.997  INFO 38196 --- [pool-7-thread-1] tourGuide.service.TourGuideService       : Track Location for user internalUser578
2022-10-03 09:59:05.997  INFO 38196 --- [    Test worker] tourGuide.service.TourGuideService       : Track Location for user internalUser570
2022-10-03 09:59:05.997  INFO 38196 --- [pool-7-thread-1] tourGuide.service.TourGuideService       : Track Location for user internalUser337
2022-10-03 09:59:05.997  INFO 38196 --- [    Test worker] tourGuide.service.TourGuideService       : Track Location for user internalUser571
2022-10-03 09:59:05.997  INFO 38196 --- [    Test worker] tourGuide.service.TourGuideService       : Track Location for user internalUser336
2022-10-03 09:59:05.997  INFO 38196 --- [pool-7-thread-1] tourGuide.service.TourGuideService       : Track Location for user internalUser579
2022-10-03 09:59:05.998  INFO 38196 --- [    Test worker] tourGuide.service.TourGuideService       : Track Location for user internalUser578
2022-10-03 09:59:05.998  INFO 38196 --- [pool-7-thread-1] tourGuide.service.TourGuideService       : Track Location for user internalUser334
2022-10-03 09:59:05.998  INFO 38196 --- [    Test worker] tourGuide.service.TourGuideService       : Track Location for user internalUser337
2022-10-03 09:59:05.998  INFO 38196 --- [pool-7-thread-1] tourGuide.service.TourGuideService       : Track Location for user internalUser576
2022-10-03 09:59:05.998  INFO 38196 --- [    Test worker] tourGuide.service.TourGuideService       : Track Location for user internalUser579
2022-10-03 09:59:05.998  INFO 38196 --- [pool-7-thread-1] tourGuide.service.TourGuideService       : Track Location for user internalUser335
2022-10-03 09:59:05.998  INFO 38196 --- [    Test worker] tourGuide.service.TourGuideService       : Track Location for user internalUser334
2022-10-03 09:59:05.998  INFO 38196 --- [pool-7-thread-1] tourGuide.service.TourGuideService       : Track Location for user internalUser577
2022-10-03 09:59:05.999  INFO 38196 --- [    Test worker] tourGuide.service.TourGuideService       : Track Location for user internalUser576
2022-10-03 09:59:05.999  INFO 38196 --- [pool-7-thread-1] tourGuide.service.TourGuideService       : Track Location for user internalUser332
2022-10-03 09:59:05.999  INFO 38196 --- [    Test worker] tourGuide.service.TourGuideService       : Track Location for user internalUser335
2022-10-03 09:59:05.999  INFO 38196 --- [pool-7-thread-1] tourGuide.service.TourGuideService       : Track Location for user internalUser574
2022-10-03 09:59:05.999  INFO 38196 --- [    Test worker] tourGuide.service.TourGuideService       : Track Location for user internalUser577
2022-10-03 09:59:05.999  INFO 38196 --- [pool-7-thread-1] tourGuide.service.TourGuideService       : Track Location for user internalUser333
2022-10-03 09:59:05.999  INFO 38196 --- [    Test worker] tourGuide.service.TourGuideService       : Track Location for user internalUser332
2022-10-03 09:59:05.999  INFO 38196 --- [pool-7-thread-1] tourGuide.service.TourGuideService       : Track Location for user internalUser575
2022-10-03 09:59:06.000  INFO 38196 --- [    Test worker] tourGuide.service.TourGuideService       : Track Location for user internalUser574
2022-10-03 09:59:06.000  INFO 38196 --- [pool-7-thread-1] tourGuide.service.TourGuideService       : Track Location for user internalUser330
2022-10-03 09:59:06.000  INFO 38196 --- [    Test worker] tourGuide.service.TourGuideService       : Track Location for user internalUser333
2022-10-03 09:59:06.000  INFO 38196 --- [pool-7-thread-1] tourGuide.service.TourGuideService       : Track Location for user internalUser572
2022-10-03 09:59:06.000  INFO 38196 --- [    Test worker] tourGuide.service.TourGuideService       : Track Location for user internalUser575
2022-10-03 09:59:06.000  INFO 38196 --- [pool-7-thread-1] tourGuide.service.TourGuideService       : Track Location for user internalUser331
2022-10-03 09:59:06.000  INFO 38196 --- [    Test worker] tourGuide.service.TourGuideService       : Track Location for user internalUser330
2022-10-03 09:59:06.000  INFO 38196 --- [pool-7-thread-1] tourGuide.service.TourGuideService       : Track Location for user internalUser573
2022-10-03 09:59:06.000  INFO 38196 --- [    Test worker] tourGuide.service.TourGuideService       : Track Location for user internalUser572
2022-10-03 09:59:06.000  INFO 38196 --- [pool-7-thread-1] tourGuide.service.TourGuideService       : Track Location for user internalUser338
2022-10-03 09:59:06.001  INFO 38196 --- [    Test worker] tourGuide.service.TourGuideService       : Track Location for user internalUser331
2022-10-03 09:59:06.001  INFO 38196 --- [pool-7-thread-1] tourGuide.service.TourGuideService       : Track Location for user internalUser339
2022-10-03 09:59:06.001  INFO 38196 --- [    Test worker] tourGuide.service.TourGuideService       : Track Location for user internalUser573
2022-10-03 09:59:06.001  INFO 38196 --- [pool-7-thread-1] tourGuide.service.TourGuideService       : Track Location for user internalUser581
2022-10-03 09:59:06.001  INFO 38196 --- [    Test worker] tourGuide.service.TourGuideService       : Track Location for user internalUser338
2022-10-03 09:59:06.001  INFO 38196 --- [pool-7-thread-1] tourGuide.service.TourGuideService       : Track Location for user internalUser340
2022-10-03 09:59:06.001  INFO 38196 --- [    Test worker] tourGuide.service.TourGuideService       : Track Location for user internalUser339
2022-10-03 09:59:06.001  INFO 38196 --- [pool-7-thread-1] tourGuide.service.TourGuideService       : Track Location for user internalUser582
2022-10-03 09:59:06.002  INFO 38196 --- [    Test worker] tourGuide.service.TourGuideService       : Track Location for user internalUser581
2022-10-03 09:59:06.002  INFO 38196 --- [pool-7-thread-1] tourGuide.service.TourGuideService       : Track Location for user internalUser9
2022-10-03 09:59:06.002  INFO 38196 --- [    Test worker] tourGuide.service.TourGuideService       : Track Location for user internalUser340
2022-10-03 09:59:06.005  INFO 38196 --- [pool-7-thread-1] tourGuide.service.TourGuideService       : Track Location for user internalUser8
2022-10-03 09:59:06.005  INFO 38196 --- [    Test worker] tourGuide.service.TourGuideService       : Track Location for user internalUser582
2022-10-03 09:59:06.005  INFO 38196 --- [pool-7-thread-1] tourGuide.service.TourGuideService       : Track Location for user internalUser580
2022-10-03 09:59:06.005  INFO 38196 --- [    Test worker] tourGuide.service.TourGuideService       : Track Location for user internalUser9
2022-10-03 09:59:06.005  INFO 38196 --- [    Test worker] tourGuide.service.TourGuideService       : Track Location for user internalUser8
2022-10-03 09:59:06.005  INFO 38196 --- [pool-7-thread-1] tourGuide.service.TourGuideService       : Track Location for user internalUser105
2022-10-03 09:59:06.006  INFO 38196 --- [    Test worker] tourGuide.service.TourGuideService       : Track Location for user internalUser580
2022-10-03 09:59:06.006  INFO 38196 --- [pool-7-thread-1] tourGuide.service.TourGuideService       : Track Location for user internalUser347
2022-10-03 09:59:06.006  INFO 38196 --- [    Test worker] tourGuide.service.TourGuideService       : Track Location for user internalUser105
2022-10-03 09:59:06.006  INFO 38196 --- [pool-7-thread-1] tourGuide.service.TourGuideService       : Track Location for user internalUser589
2022-10-03 09:59:06.006  INFO 38196 --- [    Test worker] tourGuide.service.TourGuideService       : Track Location for user internalUser347
2022-10-03 09:59:06.006  INFO 38196 --- [pool-7-thread-1] tourGuide.service.TourGuideService       : Track Location for user internalUser106
2022-10-03 09:59:06.006  INFO 38196 --- [    Test worker] tourGuide.service.TourGuideService       : Track Location for user internalUser589
2022-10-03 09:59:06.007  INFO 38196 --- [pool-7-thread-1] tourGuide.service.TourGuideService       : Track Location for user internalUser348
2022-10-03 09:59:06.007  INFO 38196 --- [    Test worker] tourGuide.service.TourGuideService       : Track Location for user internalUser106
2022-10-03 09:59:06.007  INFO 38196 --- [pool-7-thread-1] tourGuide.service.TourGuideService       : Track Location for user internalUser103
2022-10-03 09:59:06.007  INFO 38196 --- [    Test worker] tourGuide.service.TourGuideService       : Track Location for user internalUser348
2022-10-03 09:59:06.007  INFO 38196 --- [pool-7-thread-1] tourGuide.service.TourGuideService       : Track Location for user internalUser345
2022-10-03 09:59:06.008  INFO 38196 --- [pool-7-thread-1] tourGuide.service.TourGuideService       : Track Location for user internalUser587
2022-10-03 09:59:06.008  INFO 38196 --- [    Test worker] tourGuide.service.TourGuideService       : Track Location for user internalUser103
2022-10-03 09:59:06.008  INFO 38196 --- [    Test worker] tourGuide.service.TourGuideService       : Track Location for user internalUser345
2022-10-03 09:59:06.009  INFO 38196 --- [    Test worker] tourGuide.service.TourGuideService       : Track Location for user internalUser587
2022-10-03 09:59:06.009  INFO 38196 --- [pool-7-thread-1] tourGuide.service.TourGuideService       : Track Location for user internalUser104
2022-10-03 09:59:06.010  INFO 38196 --- [pool-7-thread-1] tourGuide.service.TourGuideService       : Track Location for user internalUser346
2022-10-03 09:59:06.010  INFO 38196 --- [    Test worker] tourGuide.service.TourGuideService       : Track Location for user internalUser104
2022-10-03 09:59:06.010  INFO 38196 --- [pool-7-thread-1] tourGuide.service.TourGuideService       : Track Location for user internalUser588
2022-10-03 09:59:06.010  INFO 38196 --- [    Test worker] tourGuide.service.TourGuideService       : Track Location for user internalUser346
2022-10-03 09:59:06.010  INFO 38196 --- [pool-7-thread-1] tourGuide.service.TourGuideService       : Track Location for user internalUser101
2022-10-03 09:59:06.010  INFO 38196 --- [    Test worker] tourGuide.service.TourGuideService       : Track Location for user internalUser588
2022-10-03 09:59:06.010  INFO 38196 --- [pool-7-thread-1] tourGuide.service.TourGuideService       : Track Location for user internalUser343
2022-10-03 09:59:06.010  INFO 38196 --- [    Test worker] tourGuide.service.TourGuideService       : Track Location for user internalUser101
2022-10-03 09:59:06.010  INFO 38196 --- [pool-7-thread-1] tourGuide.service.TourGuideService       : Track Location for user internalUser585
2022-10-03 09:59:06.011  INFO 38196 --- [    Test worker] tourGuide.service.TourGuideService       : Track Location for user internalUser343
2022-10-03 09:59:06.011  INFO 38196 --- [pool-7-thread-1] tourGuide.service.TourGuideService       : Track Location for user internalUser102
2022-10-03 09:59:06.011  INFO 38196 --- [    Test worker] tourGuide.service.TourGuideService       : Track Location for user internalUser585
2022-10-03 09:59:06.011  INFO 38196 --- [pool-7-thread-1] tourGuide.service.TourGuideService       : Track Location for user internalUser344
2022-10-03 09:59:06.011  INFO 38196 --- [    Test worker] tourGuide.service.TourGuideService       : Track Location for user internalUser102
2022-10-03 09:59:06.011  INFO 38196 --- [pool-7-thread-1] tourGuide.service.TourGuideService       : Track Location for user internalUser586
2022-10-03 09:59:06.012  INFO 38196 --- [    Test worker] tourGuide.service.TourGuideService       : Track Location for user internalUser344
2022-10-03 09:59:06.012  INFO 38196 --- [pool-7-thread-1] tourGuide.service.TourGuideService       : Track Location for user internalUser341
2022-10-03 09:59:06.012  INFO 38196 --- [    Test worker] tourGuide.service.TourGuideService       : Track Location for user internalUser586
2022-10-03 09:59:06.012  INFO 38196 --- [pool-7-thread-1] tourGuide.service.TourGuideService       : Track Location for user internalUser583
2022-10-03 09:59:06.012  INFO 38196 --- [    Test worker] tourGuide.service.TourGuideService       : Track Location for user internalUser341
2022-10-03 09:59:06.012  INFO 38196 --- [pool-7-thread-1] tourGuide.service.TourGuideService       : Track Location for user internalUser100
2022-10-03 09:59:06.012  INFO 38196 --- [    Test worker] tourGuide.service.TourGuideService       : Track Location for user internalUser583
2022-10-03 09:59:06.012  INFO 38196 --- [    Test worker] tourGuide.service.TourGuideService       : Track Location for user internalUser100
2022-10-03 09:59:06.013  INFO 38196 --- [pool-7-thread-1] tourGuide.service.TourGuideService       : Track Location for user internalUser342
2022-10-03 09:59:06.013  INFO 38196 --- [    Test worker] tourGuide.service.TourGuideService       : Track Location for user internalUser342
2022-10-03 09:59:06.013  INFO 38196 --- [pool-7-thread-1] tourGuide.service.TourGuideService       : Track Location for user internalUser584
2022-10-03 09:59:06.013  INFO 38196 --- [pool-7-thread-1] tourGuide.service.TourGuideService       : Track Location for user internalUser109
[...]
2022-10-03 09:59:08.279  INFO 38196 --- [ool-10-thread-1] tourGuide.service.TourGuideService       : Track Location for user internalUser743
2022-10-03 09:59:08.279  INFO 38196 --- [ool-10-thread-1] tourGuide.service.TourGuideService       : Track Location for user internalUser985
2022-10-03 09:59:08.280  INFO 38196 --- [ool-10-thread-1] tourGuide.service.TourGuideService       : Track Location for user internalUser502
2022-10-03 09:59:08.281  INFO 38196 --- [ool-10-thread-1] tourGuide.service.TourGuideService       : Track Location for user internalUser744
2022-10-03 09:59:08.281  INFO 38196 --- [ool-10-thread-1] tourGuide.service.TourGuideService       : Track Location for user internalUser986
2022-10-03 09:59:08.281  INFO 38196 --- [ool-10-thread-1] tourGuide.service.TourGuideService       : Track Location for user internalUser741
2022-10-03 09:59:08.281  INFO 38196 --- [ool-10-thread-1] tourGuide.service.TourGuideService       : Track Location for user internalUser983
2022-10-03 09:59:08.281  INFO 38196 --- [ool-10-thread-1] tourGuide.service.TourGuideService       : Track Location for user internalUser500
2022-10-03 09:59:08.282  INFO 38196 --- [ool-10-thread-1] tourGuide.service.TourGuideService       : Track Location for user internalUser742
2022-10-03 09:59:08.282  INFO 38196 --- [ool-10-thread-1] tourGuide.service.TourGuideService       : Track Location for user internalUser984
2022-10-03 09:59:08.282  INFO 38196 --- [ool-10-thread-1] tourGuide.service.TourGuideService       : Track Location for user internalUser981
2022-10-03 09:59:08.282  INFO 38196 --- [ool-10-thread-1] tourGuide.service.TourGuideService       : Track Location for user internalUser740
2022-10-03 09:59:08.282  INFO 38196 --- [ool-10-thread-1] tourGuide.service.TourGuideService       : Track Location for user internalUser982
2022-10-03 09:59:08.282  INFO 38196 --- [ool-10-thread-1] tourGuide.service.TourGuideService       : Track Location for user internalUser980
2022-10-03 09:59:08.282  INFO 38196 --- [ool-10-thread-1] tourGuide.service.TourGuideService       : Track Location for user internalUser509
2022-10-03 09:59:08.282  INFO 38196 --- [ool-10-thread-1] tourGuide.service.TourGuideService       : Track Location for user internalUser507
2022-10-03 09:59:08.286  INFO 38196 --- [ool-10-thread-1] tourGuide.service.TourGuideService       : Track Location for user internalUser749
2022-10-03 09:59:08.287  INFO 38196 --- [ool-10-thread-1] tourGuide.service.TourGuideService       : Track Location for user internalUser508
2022-10-03 09:59:08.287  INFO 38196 --- [ool-10-thread-1] tourGuide.service.TourGuideService       : Track Location for user internalUser505
2022-10-03 09:59:08.287  INFO 38196 --- [ool-10-thread-1] tourGuide.service.TourGuideService       : Track Location for user internalUser747
2022-10-03 09:59:08.287  INFO 38196 --- [ool-10-thread-1] tourGuide.service.TourGuideService       : Track Location for user internalUser989
2022-10-03 09:59:08.287  INFO 38196 --- [ool-10-thread-1] tourGuide.service.TourGuideService       : Track Location for user internalUser506
2022-10-03 09:59:08.288  INFO 38196 --- [ool-10-thread-1] tourGuide.service.TourGuideService       : Track Location for user internalUser748
2022-10-03 09:59:08.288  INFO 38196 --- [ool-10-thread-1] tourGuide.service.TourGuideService       : Track Location for user internalUser503
2022-10-03 09:59:08.288  INFO 38196 --- [ool-10-thread-1] tourGuide.service.TourGuideService       : Track Location for user internalUser745
2022-10-03 09:59:08.288  INFO 38196 --- [ool-10-thread-1] tourGuide.service.TourGuideService       : Track Location for user internalUser987
2022-10-03 09:59:08.288  INFO 38196 --- [ool-10-thread-1] tourGuide.service.TourGuideService       : Track Location for user internalUser504
2022-10-03 09:59:08.288  INFO 38196 --- [ool-10-thread-1] tourGuide.service.TourGuideService       : Track Location for user internalUser746
2022-10-03 09:59:08.288  INFO 38196 --- [ool-10-thread-1] tourGuide.service.TourGuideService       : Track Location for user internalUser988
2022-10-03 09:59:08.289  INFO 38196 --- [ool-10-thread-1] tourGuide.service.TourGuideService       : Track Location for user internalUser512
2022-10-03 09:59:08.289  INFO 38196 --- [ool-10-thread-1] tourGuide.service.TourGuideService       : Track Location for user internalUser754
2022-10-03 09:59:08.289  INFO 38196 --- [ool-10-thread-1] tourGuide.service.TourGuideService       : Track Location for user internalUser996
2022-10-03 09:59:08.289  INFO 38196 --- [ool-10-thread-1] tourGuide.service.TourGuideService       : Track Location for user internalUser513
2022-10-03 09:59:08.289  INFO 38196 --- [ool-10-thread-1] tourGuide.service.TourGuideService       : Track Location for user internalUser755
2022-10-03 09:59:08.289  INFO 38196 --- [ool-10-thread-1] tourGuide.service.TourGuideService       : Track Location for user internalUser997
2022-10-03 09:59:08.289  INFO 38196 --- [ool-10-thread-1] tourGuide.service.TourGuideService       : Track Location for user internalUser510
2022-10-03 09:59:08.290  INFO 38196 --- [ool-10-thread-1] tourGuide.service.TourGuideService       : Track Location for user internalUser752
2022-10-03 09:59:08.290  INFO 38196 --- [ool-10-thread-1] tourGuide.service.TourGuideService       : Track Location for user internalUser994
2022-10-03 09:59:08.291  INFO 38196 --- [ool-10-thread-1] tourGuide.service.TourGuideService       : Track Location for user internalUser511
2022-10-03 09:59:08.291  INFO 38196 --- [ool-10-thread-1] tourGuide.service.TourGuideService       : Track Location for user internalUser753
2022-10-03 09:59:08.291  INFO 38196 --- [ool-10-thread-1] tourGuide.service.TourGuideService       : Track Location for user internalUser995
2022-10-03 09:59:08.291  INFO 38196 --- [ool-10-thread-1] tourGuide.service.TourGuideService       : Track Location for user internalUser750
2022-10-03 09:59:08.291  INFO 38196 --- [ool-10-thread-1] tourGuide.service.TourGuideService       : Track Location for user internalUser992
2022-10-03 09:59:08.291  INFO 38196 --- [ool-10-thread-1] tourGuide.service.TourGuideService       : Track Location for user internalUser751
2022-10-03 09:59:08.291  INFO 38196 --- [ool-10-thread-1] tourGuide.service.TourGuideService       : Track Location for user internalUser993
2022-10-03 09:59:08.292  INFO 38196 --- [ool-10-thread-1] tourGuide.service.TourGuideService       : Track Location for user internalUser990
2022-10-03 09:59:08.292  INFO 38196 --- [ool-10-thread-1] tourGuide.service.TourGuideService       : Track Location for user internalUser991
2022-10-03 09:59:08.292  INFO 38196 --- [ool-10-thread-1] tourGuide.service.TourGuideService       : Track Location for user internalUser518
2022-10-03 09:59:08.292  INFO 38196 --- [ool-10-thread-1] tourGuide.service.TourGuideService       : Track Location for user internalUser519
2022-10-03 09:59:08.292  INFO 38196 --- [ool-10-thread-1] tourGuide.service.TourGuideService       : Track Location for user internalUser516
2022-10-03 09:59:08.292  INFO 38196 --- [ool-10-thread-1] tourGuide.service.TourGuideService       : Track Location for user internalUser758
2022-10-03 09:59:08.292  INFO 38196 --- [ool-10-thread-1] tourGuide.service.TourGuideService       : Track Location for user internalUser517
2022-10-03 09:59:08.292  INFO 38196 --- [ool-10-thread-1] tourGuide.service.TourGuideService       : Track Location for user internalUser759
2022-10-03 09:59:08.293  INFO 38196 --- [ool-10-thread-1] tourGuide.service.TourGuideService       : Track Location for user internalUser514
2022-10-03 09:59:08.293  INFO 38196 --- [ool-10-thread-1] tourGuide.service.TourGuideService       : Track Location for user internalUser756
2022-10-03 09:59:08.293  INFO 38196 --- [ool-10-thread-1] tourGuide.service.TourGuideService       : Track Location for user internalUser998
2022-10-03 09:59:08.293  INFO 38196 --- [ool-10-thread-1] tourGuide.service.TourGuideService       : Track Location for user internalUser515
2022-10-03 09:59:08.293  INFO 38196 --- [ool-10-thread-1] tourGuide.service.TourGuideService       : Track Location for user internalUser757
2022-10-03 09:59:08.293  INFO 38196 --- [ool-10-thread-1] tourGuide.service.TourGuideService       : Track Location for user internalUser999
2022-10-03 09:59:08.293  INFO 38196 --- [ool-10-thread-1] tourGuide.service.TourGuideService       : Track Location for user internalUser920
2022-10-03 09:59:08.293  INFO 38196 --- [ool-10-thread-1] tourGuide.service.TourGuideService       : Track Location for user internalUser927
2022-10-03 09:59:08.294  INFO 38196 --- [ool-10-thread-1] tourGuide.service.TourGuideService       : Track Location for user internalUser928
2022-10-03 09:59:08.294  INFO 38196 --- [ool-10-thread-1] tourGuide.service.TourGuideService       : Track Location for user internalUser925
2022-10-03 09:59:08.294  INFO 38196 --- [ool-10-thread-1] tourGuide.service.TourGuideService       : Track Location for user internalUser926
2022-10-03 09:59:08.294  INFO 38196 --- [ool-10-thread-1] tourGuide.service.TourGuideService       : Track Location for user internalUser923
2022-10-03 09:59:08.294  INFO 38196 --- [ool-10-thread-1] tourGuide.service.TourGuideService       : Track Location for user internalUser924
2022-10-03 09:59:08.294  INFO 38196 --- [ool-10-thread-1] tourGuide.service.TourGuideService       : Track Location for user internalUser921
2022-10-03 09:59:08.294  INFO 38196 --- [ool-10-thread-1] tourGuide.service.TourGuideService       : Track Location for user internalUser922
2022-10-03 09:59:08.294  INFO 38196 --- [ool-10-thread-1] tourGuide.service.TourGuideService       : Track Location for user internalUser929
2022-10-03 09:59:08.295  INFO 38196 --- [ool-10-thread-1] tourGuide.service.TourGuideService       : Track Location for user internalUser930
2022-10-03 09:59:08.295  INFO 38196 --- [ool-10-thread-1] tourGuide.service.TourGuideService       : Track Location for user internalUser931
2022-10-03 09:59:08.295  INFO 38196 --- [ool-10-thread-1] tourGuide.service.TourGuideService       : Track Location for user internalUser938
2022-10-03 09:59:08.295  INFO 38196 --- [ool-10-thread-1] tourGuide.service.TourGuideService       : Track Location for user internalUser939
2022-10-03 09:59:08.295  INFO 38196 --- [ool-10-thread-1] tourGuide.service.TourGuideService       : Track Location for user internalUser936
2022-10-03 09:59:08.295  INFO 38196 --- [ool-10-thread-1] tourGuide.service.TourGuideService       : Track Location for user internalUser937
2022-10-03 09:59:08.295  INFO 38196 --- [ool-10-thread-1] tourGuide.service.TourGuideService       : Track Location for user internalUser934
2022-10-03 09:59:08.295  INFO 38196 --- [ool-10-thread-1] tourGuide.service.TourGuideService       : Track Location for user internalUser935
2022-10-03 09:59:08.296  INFO 38196 --- [ool-10-thread-1] tourGuide.service.TourGuideService       : Track Location for user internalUser932
2022-10-03 09:59:08.296  INFO 38196 --- [ool-10-thread-1] tourGuide.service.TourGuideService       : Track Location for user internalUser933
2022-10-03 09:59:08.296  INFO 38196 --- [ool-10-thread-1] tourGuide.service.TourGuideService       : Track Location for user internalUser941
2022-10-03 09:59:08.296  INFO 38196 --- [ool-10-thread-1] tourGuide.service.TourGuideService       : Track Location for user internalUser700
2022-10-03 09:59:08.296  INFO 38196 --- [ool-10-thread-1] tourGuide.service.TourGuideService       : Track Location for user internalUser942
2022-10-03 09:59:08.297  INFO 38196 --- [ool-10-thread-1] tourGuide.service.TourGuideService       : Track Location for user internalUser940
2022-10-03 09:59:08.297  INFO 38196 --- [ool-10-thread-1] tourGuide.service.TourGuideService       : Track Location for user internalUser707
2022-10-03 09:59:08.297  INFO 38196 --- [ool-10-thread-1] tourGuide.service.TourGuideService       : Track Location for user internalUser949
2022-10-03 09:59:08.297  INFO 38196 --- [ool-10-thread-1] tourGuide.service.TourGuideService       : Track Location for user internalUser708
2022-10-03 09:59:08.297  INFO 38196 --- [ool-10-thread-1] tourGuide.service.TourGuideService       : Track Location for user internalUser705
2022-10-03 09:59:08.302  INFO 38196 --- [ool-10-thread-1] tourGuide.service.TourGuideService       : Track Location for user internalUser947
2022-10-03 09:59:08.303  INFO 38196 --- [ool-10-thread-1] tourGuide.service.TourGuideService       : Track Location for user internalUser706
2022-10-03 09:59:08.303  INFO 38196 --- [ool-10-thread-1] tourGuide.service.TourGuideService       : Track Location for user internalUser948
2022-10-03 09:59:08.303  INFO 38196 --- [ool-10-thread-1] tourGuide.service.TourGuideService       : Track Location for user internalUser703
2022-10-03 09:59:08.303  INFO 38196 --- [ool-10-thread-1] tourGuide.service.TourGuideService       : Track Location for user internalUser945
2022-10-03 09:59:08.303  INFO 38196 --- [ool-10-thread-1] tourGuide.service.TourGuideService       : Track Location for user internalUser704
2022-10-03 09:59:08.303  INFO 38196 --- [ool-10-thread-1] tourGuide.service.TourGuideService       : Track Location for user internalUser946
2022-10-03 09:59:08.303  INFO 38196 --- [ool-10-thread-1] tourGuide.service.TourGuideService       : Track Location for user internalUser701
2022-10-03 09:59:08.304  INFO 38196 --- [ool-10-thread-1] tourGuide.service.TourGuideService       : Track Location for user internalUser943
2022-10-03 09:59:08.304  INFO 38196 --- [ool-10-thread-1] tourGuide.service.TourGuideService       : Track Location for user internalUser702
2022-10-03 09:59:08.304  INFO 38196 --- [ool-10-thread-1] tourGuide.service.TourGuideService       : Track Location for user internalUser944
2022-10-03 09:59:08.304  INFO 38196 --- [ool-10-thread-1] tourGuide.service.TourGuideService       : Track Location for user internalUser709
2022-10-03 09:59:08.304  INFO 38196 --- [ool-10-thread-1] tourGuide.service.TourGuideService       : Track Location for user internalUser710
2022-10-03 09:59:08.304  INFO 38196 --- [ool-10-thread-1] tourGuide.service.TourGuideService       : Track Location for user internalUser952
2022-10-03 09:59:08.305  INFO 38196 --- [ool-10-thread-1] tourGuide.service.TourGuideService       : Track Location for user internalUser711
2022-10-03 09:59:08.305  INFO 38196 --- [ool-10-thread-1] tourGuide.service.TourGuideService       : Track Location for user internalUser953
2022-10-03 09:59:08.305  INFO 38196 --- [ool-10-thread-1] tourGuide.service.TourGuideService       : Track Location for user internalUser950
2022-10-03 09:59:08.305  INFO 38196 --- [ool-10-thread-1] tourGuide.service.TourGuideService       : Track Location for user internalUser951
2022-10-03 09:59:08.306  INFO 38196 --- [ool-10-thread-1] tourGuide.service.TourGuideService       : Track Location for user internalUser718
2022-10-03 09:59:08.306  INFO 38196 --- [ool-10-thread-1] tourGuide.service.TourGuideService       : Track Location for user internalUser719
2022-10-03 09:59:08.306  INFO 38196 --- [ool-10-thread-1] tourGuide.service.TourGuideService       : Track Location for user internalUser716
2022-10-03 09:59:08.307  INFO 38196 --- [ool-10-thread-1] tourGuide.service.TourGuideService       : Track Location for user internalUser958
2022-10-03 09:59:08.307  INFO 38196 --- [ool-10-thread-1] tourGuide.service.TourGuideService       : Track Location for user internalUser717
2022-10-03 09:59:08.307  INFO 38196 --- [ool-10-thread-1] tourGuide.service.TourGuideService       : Track Location for user internalUser959
2022-10-03 09:59:08.307  INFO 38196 --- [ool-10-thread-1] tourGuide.service.TourGuideService       : Track Location for user internalUser714
2022-10-03 09:59:08.308  INFO 38196 --- [ool-10-thread-1] tourGuide.service.TourGuideService       : Track Location for user internalUser956
2022-10-03 09:59:08.308  INFO 38196 --- [ool-10-thread-1] tourGuide.service.TourGuideService       : Track Location for user internalUser715
2022-10-03 09:59:08.309  INFO 38196 --- [ool-10-thread-1] tourGuide.service.TourGuideService       : Track Location for user internalUser957
2022-10-03 09:59:08.309  INFO 38196 --- [ool-10-thread-1] tourGuide.service.TourGuideService       : Track Location for user internalUser712
2022-10-03 09:59:08.309  INFO 38196 --- [ool-10-thread-1] tourGuide.service.TourGuideService       : Track Location for user internalUser954
2022-10-03 09:59:08.309  INFO 38196 --- [ool-10-thread-1] tourGuide.service.TourGuideService       : Track Location for user internalUser713
2022-10-03 09:59:08.309  INFO 38196 --- [ool-10-thread-1] tourGuide.service.TourGuideService       : Track Location for user internalUser955
2022-10-03 09:59:08.310  INFO 38196 --- [ool-10-thread-1] tourGuide.service.TourGuideService       : Track Location for user internalUser905
2022-10-03 09:59:08.310  INFO 38196 --- [ool-10-thread-1] tourGuide.service.TourGuideService       : Track Location for user internalUser906
2022-10-03 09:59:08.310  INFO 38196 --- [ool-10-thread-1] tourGuide.service.TourGuideService       : Track Location for user internalUser903
2022-10-03 09:59:08.310  INFO 38196 --- [ool-10-thread-1] tourGuide.service.TourGuideService       : Track Location for user internalUser904
2022-10-03 09:59:08.311  INFO 38196 --- [ool-10-thread-1] tourGuide.service.TourGuideService       : Track Location for user internalUser901
2022-10-03 09:59:08.311  INFO 38196 --- [ool-10-thread-1] tourGuide.service.TourGuideService       : Track Location for user internalUser902
2022-10-03 09:59:08.311  INFO 38196 --- [ool-10-thread-1] tourGuide.service.TourGuideService       : Track Location for user internalUser900
2022-10-03 09:59:08.311  INFO 38196 --- [ool-10-thread-1] tourGuide.service.TourGuideService       : Track Location for user internalUser909
2022-10-03 09:59:08.311  INFO 38196 --- [ool-10-thread-1] tourGuide.service.TourGuideService       : Track Location for user internalUser907
2022-10-03 09:59:08.311  INFO 38196 --- [ool-10-thread-1] tourGuide.service.TourGuideService       : Track Location for user internalUser908
2022-10-03 09:59:08.312  INFO 38196 --- [ool-10-thread-1] tourGuide.service.TourGuideService       : Track Location for user internalUser916
2022-10-03 09:59:08.312  INFO 38196 --- [ool-10-thread-1] tourGuide.service.TourGuideService       : Track Location for user internalUser917
2022-10-03 09:59:08.312  INFO 38196 --- [ool-10-thread-1] tourGuide.service.TourGuideService       : Track Location for user internalUser914
2022-10-03 09:59:08.312  INFO 38196 --- [ool-10-thread-1] tourGuide.service.TourGuideService       : Track Location for user internalUser915
2022-10-03 09:59:08.312  INFO 38196 --- [ool-10-thread-1] tourGuide.service.TourGuideService       : Track Location for user internalUser912
2022-10-03 09:59:08.312  INFO 38196 --- [ool-10-thread-1] tourGuide.service.TourGuideService       : Track Location for user internalUser913
2022-10-03 09:59:08.313  INFO 38196 --- [ool-10-thread-1] tourGuide.service.TourGuideService       : Track Location for user internalUser910
2022-10-03 09:59:08.313  INFO 38196 --- [ool-10-thread-1] tourGuide.service.TourGuideService       : Track Location for user internalUser911
2022-10-03 09:59:08.313  INFO 38196 --- [ool-10-thread-1] tourGuide.service.TourGuideService       : Track Location for user internalUser918
2022-10-03 09:59:08.313  INFO 38196 --- [ool-10-thread-1] tourGuide.service.TourGuideService       : Track Location for user internalUser919
2022-10-03 09:59:08.313 DEBUG 38196 --- [ool-10-thread-1] tourGuide.tracker.Tracker                : Tracker Time Elapsed: 0 seconds.
2022-10-03 09:59:08.313 DEBUG 38196 --- [ool-10-thread-1] tourGuide.tracker.Tracker                : Tracker sleeping
Calcul reward: 1047
highVolumeGetRewards: Time Elapsed: 3 seconds.
]]></system-out>
  <system-err><![CDATA[]]></system-err>
</testsuite>
